{"/home/meller/Code/laneconductor/ui/server/auth.mjs": {"path":"/home/meller/Code/laneconductor/ui/server/auth.mjs","all":false,"statementMap":{"0":{"start":{"line":1,"column":0},"end":{"line":1,"column":21}},"1":{"start":{"line":2,"column":0},"end":{"line":2,"column":48}},"2":{"start":{"line":3,"column":0},"end":{"line":3,"column":2}},"3":{"start":{"line":4,"column":0},"end":{"line":4,"column":13}},"4":{"start":{"line":5,"column":0},"end":{"line":5,"column":86}},"5":{"start":{"line":6,"column":0},"end":{"line":6,"column":82}},"6":{"start":{"line":7,"column":0},"end":{"line":7,"column":2}},"7":{"start":{"line":8,"column":0},"end":{"line":8,"column":64}},"8":{"start":{"line":9,"column":0},"end":{"line":9,"column":80}},"10":{"start":{"line":11,"column":0},"end":{"line":11,"column":33}},"12":{"start":{"line":13,"column":0},"end":{"line":13,"column":81}},"14":{"start":{"line":15,"column":0},"end":{"line":15,"column":22}},"15":{"start":{"line":16,"column":0},"end":{"line":16,"column":32}},"17":{"start":{"line":18,"column":0},"end":{"line":18,"column":3}},"18":{"start":{"line":19,"column":0},"end":{"line":19,"column":81}},"19":{"start":{"line":20,"column":0},"end":{"line":20,"column":69}},"20":{"start":{"line":21,"column":0},"end":{"line":21,"column":3}},"21":{"start":{"line":22,"column":0},"end":{"line":22,"column":40}},"22":{"start":{"line":23,"column":0},"end":{"line":23,"column":59}},"23":{"start":{"line":24,"column":0},"end":{"line":24,"column":38}},"25":{"start":{"line":26,"column":0},"end":{"line":26,"column":24}},"26":{"start":{"line":27,"column":0},"end":{"line":27,"column":79}},"27":{"start":{"line":28,"column":0},"end":{"line":28,"column":15}},"28":{"start":{"line":29,"column":0},"end":{"line":29,"column":5}},"30":{"start":{"line":31,"column":0},"end":{"line":31,"column":9}},"31":{"start":{"line":32,"column":0},"end":{"line":32,"column":95}},"32":{"start":{"line":33,"column":0},"end":{"line":33,"column":88}},"33":{"start":{"line":34,"column":0},"end":{"line":34,"column":84}},"34":{"start":{"line":35,"column":0},"end":{"line":35,"column":64}},"36":{"start":{"line":37,"column":0},"end":{"line":37,"column":37}},"37":{"start":{"line":38,"column":0},"end":{"line":38,"column":27}},"38":{"start":{"line":39,"column":0},"end":{"line":39,"column":83}},"39":{"start":{"line":40,"column":0},"end":{"line":40,"column":39}},"40":{"start":{"line":41,"column":0},"end":{"line":41,"column":89}},"41":{"start":{"line":42,"column":0},"end":{"line":42,"column":68}},"42":{"start":{"line":43,"column":0},"end":{"line":43,"column":13}},"43":{"start":{"line":44,"column":0},"end":{"line":44,"column":70}},"44":{"start":{"line":45,"column":0},"end":{"line":45,"column":82}},"45":{"start":{"line":46,"column":0},"end":{"line":46,"column":9}},"47":{"start":{"line":48,"column":0},"end":{"line":48,"column":31}},"48":{"start":{"line":49,"column":0},"end":{"line":49,"column":76}},"49":{"start":{"line":50,"column":0},"end":{"line":50,"column":19}},"50":{"start":{"line":51,"column":0},"end":{"line":51,"column":73}},"51":{"start":{"line":52,"column":0},"end":{"line":52,"column":29}},"52":{"start":{"line":53,"column":0},"end":{"line":53,"column":5}},"53":{"start":{"line":54,"column":0},"end":{"line":54,"column":1}},"55":{"start":{"line":56,"column":0},"end":{"line":56,"column":23}},"56":{"start":{"line":57,"column":0},"end":{"line":57,"column":30}},"57":{"start":{"line":58,"column":0},"end":{"line":58,"column":76}},"59":{"start":{"line":60,"column":0},"end":{"line":60,"column":81}},"60":{"start":{"line":61,"column":0},"end":{"line":61,"column":37}},"61":{"start":{"line":62,"column":0},"end":{"line":62,"column":78}},"63":{"start":{"line":64,"column":0},"end":{"line":64,"column":51}},"64":{"start":{"line":65,"column":0},"end":{"line":65,"column":37}},"66":{"start":{"line":67,"column":0},"end":{"line":67,"column":49}},"67":{"start":{"line":68,"column":0},"end":{"line":68,"column":45}},"68":{"start":{"line":69,"column":0},"end":{"line":69,"column":84}},"69":{"start":{"line":70,"column":0},"end":{"line":70,"column":5}},"71":{"start":{"line":72,"column":0},"end":{"line":72,"column":9}},"72":{"start":{"line":73,"column":0},"end":{"line":73,"column":55}},"73":{"start":{"line":74,"column":0},"end":{"line":74,"column":64}},"74":{"start":{"line":75,"column":0},"end":{"line":75,"column":20}},"75":{"start":{"line":76,"column":0},"end":{"line":76,"column":29}},"76":{"start":{"line":77,"column":0},"end":{"line":77,"column":33}},"77":{"start":{"line":78,"column":0},"end":{"line":78,"column":31}},"78":{"start":{"line":79,"column":0},"end":{"line":79,"column":37}},"79":{"start":{"line":80,"column":0},"end":{"line":80,"column":76}},"80":{"start":{"line":81,"column":0},"end":{"line":81,"column":10}},"81":{"start":{"line":82,"column":0},"end":{"line":82,"column":15}},"82":{"start":{"line":83,"column":0},"end":{"line":83,"column":13}},"83":{"start":{"line":84,"column":0},"end":{"line":84,"column":89}},"84":{"start":{"line":85,"column":0},"end":{"line":85,"column":5}},"85":{"start":{"line":86,"column":0},"end":{"line":86,"column":1}},"87":{"start":{"line":88,"column":0},"end":{"line":88,"column":81}},"89":{"start":{"line":90,"column":0},"end":{"line":90,"column":35}},"91":{"start":{"line":92,"column":0},"end":{"line":92,"column":56}},"92":{"start":{"line":93,"column":0},"end":{"line":93,"column":37}},"93":{"start":{"line":94,"column":0},"end":{"line":94,"column":24}},"94":{"start":{"line":95,"column":0},"end":{"line":95,"column":91}},"95":{"start":{"line":96,"column":0},"end":{"line":96,"column":85}},"96":{"start":{"line":97,"column":0},"end":{"line":97,"column":5}},"97":{"start":{"line":98,"column":0},"end":{"line":98,"column":83}},"98":{"start":{"line":99,"column":0},"end":{"line":99,"column":49}},"99":{"start":{"line":100,"column":0},"end":{"line":100,"column":45}},"100":{"start":{"line":101,"column":0},"end":{"line":101,"column":52}},"101":{"start":{"line":102,"column":0},"end":{"line":102,"column":5}},"102":{"start":{"line":103,"column":0},"end":{"line":103,"column":51}},"103":{"start":{"line":104,"column":0},"end":{"line":104,"column":37}},"104":{"start":{"line":105,"column":0},"end":{"line":105,"column":35}},"105":{"start":{"line":106,"column":0},"end":{"line":106,"column":19}},"106":{"start":{"line":107,"column":0},"end":{"line":107,"column":33}},"107":{"start":{"line":108,"column":0},"end":{"line":108,"column":37}},"108":{"start":{"line":109,"column":0},"end":{"line":109,"column":35}},"109":{"start":{"line":110,"column":0},"end":{"line":110,"column":41}},"110":{"start":{"line":111,"column":0},"end":{"line":111,"column":80}},"111":{"start":{"line":112,"column":0},"end":{"line":112,"column":13}},"112":{"start":{"line":113,"column":0},"end":{"line":113,"column":11}},"113":{"start":{"line":114,"column":0},"end":{"line":114,"column":59}},"114":{"start":{"line":115,"column":0},"end":{"line":115,"column":3}},"116":{"start":{"line":117,"column":0},"end":{"line":117,"column":80}},"117":{"start":{"line":118,"column":0},"end":{"line":118,"column":42}},"118":{"start":{"line":119,"column":0},"end":{"line":119,"column":24}},"119":{"start":{"line":120,"column":0},"end":{"line":120,"column":44}},"120":{"start":{"line":121,"column":0},"end":{"line":121,"column":5}},"121":{"start":{"line":122,"column":0},"end":{"line":122,"column":14}},"122":{"start":{"line":123,"column":0},"end":{"line":123,"column":22}},"123":{"start":{"line":124,"column":0},"end":{"line":124,"column":19}},"124":{"start":{"line":125,"column":0},"end":{"line":125,"column":54}},"125":{"start":{"line":126,"column":0},"end":{"line":126,"column":62}},"126":{"start":{"line":127,"column":0},"end":{"line":127,"column":60}},"127":{"start":{"line":128,"column":0},"end":{"line":128,"column":68}},"128":{"start":{"line":129,"column":0},"end":{"line":129,"column":77}},"129":{"start":{"line":130,"column":0},"end":{"line":130,"column":52}},"130":{"start":{"line":131,"column":0},"end":{"line":131,"column":10}},"131":{"start":{"line":132,"column":0},"end":{"line":132,"column":7}},"132":{"start":{"line":133,"column":0},"end":{"line":133,"column":3}}},"s":{"0":1,"1":1,"2":1,"3":1,"4":1,"5":1,"6":1,"7":1,"8":1,"10":1,"12":1,"14":1,"15":1,"17":1,"18":1,"19":1,"20":1,"21":1,"22":13,"23":13,"25":13,"26":4,"27":4,"28":4,"30":9,"31":9,"32":9,"33":9,"34":9,"36":9,"37":9,"38":9,"39":9,"40":1,"41":1,"42":1,"43":9,"44":9,"45":9,"47":9,"48":9,"49":13,"50":0,"51":0,"52":0,"53":13,"55":1,"56":1,"57":1,"59":1,"60":1,"61":1,"63":1,"64":4,"66":3,"67":4,"68":1,"69":1,"71":2,"72":2,"73":2,"74":1,"75":1,"76":1,"77":1,"78":1,"79":4,"80":4,"81":4,"82":4,"83":1,"84":1,"85":4,"87":1,"89":1,"91":1,"92":1,"93":4,"94":1,"95":1,"96":1,"97":3,"98":3,"99":4,"100":1,"101":1,"102":2,"103":2,"104":2,"105":1,"106":1,"107":1,"108":1,"109":1,"110":1,"111":1,"112":2,"113":2,"114":1,"116":1,"117":1,"118":2,"119":1,"120":1,"121":1,"122":1,"123":1,"124":1,"125":1,"126":1,"127":1,"128":1,"129":1,"130":1,"131":1,"132":1},"branchMap":{"0":{"type":"branch","line":22,"loc":{"start":{"line":22,"column":7},"end":{"line":54,"column":1}},"locations":[{"start":{"line":22,"column":7},"end":{"line":54,"column":1}}]},"1":{"type":"branch","line":26,"loc":{"start":{"line":26,"column":23},"end":{"line":29,"column":5}},"locations":[{"start":{"line":26,"column":23},"end":{"line":29,"column":5}}]},"2":{"type":"branch","line":29,"loc":{"start":{"line":29,"column":4},"end":{"line":50,"column":6}},"locations":[{"start":{"line":29,"column":4},"end":{"line":50,"column":6}}]},"3":{"type":"branch","line":40,"loc":{"start":{"line":40,"column":38},"end":{"line":43,"column":13}},"locations":[{"start":{"line":40,"column":38},"end":{"line":43,"column":13}}]},"4":{"type":"branch","line":45,"loc":{"start":{"line":45,"column":37},"end":{"line":45,"column":64}},"locations":[{"start":{"line":45,"column":37},"end":{"line":45,"column":64}}]},"5":{"type":"branch","line":45,"loc":{"start":{"line":45,"column":65},"end":{"line":45,"column":80}},"locations":[{"start":{"line":45,"column":65},"end":{"line":45,"column":80}}]},"6":{"type":"branch","line":50,"loc":{"start":{"line":50,"column":6},"end":{"line":53,"column":5}},"locations":[{"start":{"line":50,"column":6},"end":{"line":53,"column":5}}]},"7":{"type":"branch","line":57,"loc":{"start":{"line":57,"column":7},"end":{"line":57,"column":30}},"locations":[{"start":{"line":57,"column":7},"end":{"line":57,"column":30}}]},"8":{"type":"branch","line":58,"loc":{"start":{"line":58,"column":7},"end":{"line":58,"column":76}},"locations":[{"start":{"line":58,"column":7},"end":{"line":58,"column":76}}]},"9":{"type":"branch","line":58,"loc":{"start":{"line":58,"column":45},"end":{"line":58,"column":73}},"locations":[{"start":{"line":58,"column":45},"end":{"line":58,"column":73}}]},"10":{"type":"branch","line":64,"loc":{"start":{"line":64,"column":7},"end":{"line":86,"column":1}},"locations":[{"start":{"line":64,"column":7},"end":{"line":86,"column":1}}]},"11":{"type":"branch","line":65,"loc":{"start":{"line":65,"column":23},"end":{"line":65,"column":37}},"locations":[{"start":{"line":65,"column":23},"end":{"line":65,"column":37}}]},"12":{"type":"branch","line":65,"loc":{"start":{"line":65,"column":36},"end":{"line":68,"column":19}},"locations":[{"start":{"line":65,"column":36},"end":{"line":68,"column":19}}]},"13":{"type":"branch","line":68,"loc":{"start":{"line":68,"column":19},"end":{"line":68,"column":31}},"locations":[{"start":{"line":68,"column":19},"end":{"line":68,"column":31}}]},"14":{"type":"branch","line":68,"loc":{"start":{"line":68,"column":44},"end":{"line":70,"column":5}},"locations":[{"start":{"line":68,"column":44},"end":{"line":70,"column":5}}]},"15":{"type":"branch","line":70,"loc":{"start":{"line":70,"column":4},"end":{"line":74,"column":64}},"locations":[{"start":{"line":70,"column":4},"end":{"line":74,"column":64}}]},"16":{"type":"branch","line":74,"loc":{"start":{"line":74,"column":63},"end":{"line":80,"column":75}},"locations":[{"start":{"line":74,"column":63},"end":{"line":80,"column":75}}]},"17":{"type":"branch","line":83,"loc":{"start":{"line":83,"column":6},"end":{"line":85,"column":5}},"locations":[{"start":{"line":83,"column":6},"end":{"line":85,"column":5}}]},"18":{"type":"branch","line":93,"loc":{"start":{"line":93,"column":22},"end":{"line":115,"column":2}},"locations":[{"start":{"line":93,"column":22},"end":{"line":115,"column":2}}]},"19":{"type":"branch","line":94,"loc":{"start":{"line":94,"column":23},"end":{"line":97,"column":5}},"locations":[{"start":{"line":94,"column":23},"end":{"line":97,"column":5}}]},"20":{"type":"branch","line":97,"loc":{"start":{"line":97,"column":4},"end":{"line":100,"column":19}},"locations":[{"start":{"line":97,"column":4},"end":{"line":100,"column":19}}]},"21":{"type":"branch","line":100,"loc":{"start":{"line":100,"column":19},"end":{"line":100,"column":31}},"locations":[{"start":{"line":100,"column":19},"end":{"line":100,"column":31}}]},"22":{"type":"branch","line":100,"loc":{"start":{"line":100,"column":44},"end":{"line":102,"column":5}},"locations":[{"start":{"line":100,"column":44},"end":{"line":102,"column":5}}]},"23":{"type":"branch","line":102,"loc":{"start":{"line":102,"column":4},"end":{"line":115,"column":2}},"locations":[{"start":{"line":102,"column":4},"end":{"line":115,"column":2}}]},"24":{"type":"branch","line":105,"loc":{"start":{"line":105,"column":14},"end":{"line":113,"column":10}},"locations":[{"start":{"line":105,"column":14},"end":{"line":113,"column":10}}]},"25":{"type":"branch","line":111,"loc":{"start":{"line":111,"column":46},"end":{"line":111,"column":79}},"locations":[{"start":{"line":111,"column":46},"end":{"line":111,"column":79}}]},"26":{"type":"branch","line":114,"loc":{"start":{"line":114,"column":15},"end":{"line":114,"column":57}},"locations":[{"start":{"line":114,"column":15},"end":{"line":114,"column":57}}]},"27":{"type":"branch","line":118,"loc":{"start":{"line":118,"column":26},"end":{"line":133,"column":2}},"locations":[{"start":{"line":118,"column":26},"end":{"line":133,"column":2}}]},"28":{"type":"branch","line":119,"loc":{"start":{"line":119,"column":23},"end":{"line":133,"column":2}},"locations":[{"start":{"line":119,"column":23},"end":{"line":133,"column":2}}]}},"b":{"0":[13],"1":[4],"2":[9],"3":[1],"4":[1],"5":[8],"6":[0],"7":[1],"8":[1],"9":[1],"10":[4],"11":[1],"12":[3],"13":[2],"14":[1],"15":[2],"16":[1],"17":[1],"18":[4],"19":[1],"20":[3],"21":[2],"22":[1],"23":[2],"24":[1],"25":[0],"26":[1],"27":[2],"28":[1]},"fnMap":{"0":{"name":"loadAuthConfig","decl":{"start":{"line":22,"column":7},"end":{"line":54,"column":1}},"loc":{"start":{"line":22,"column":7},"end":{"line":54,"column":1}},"line":22},"1":{"name":"initAuth","decl":{"start":{"line":57,"column":7},"end":{"line":57,"column":30}},"loc":{"start":{"line":57,"column":7},"end":{"line":57,"column":30}},"line":57},"2":{"name":"sessionMiddleware","decl":{"start":{"line":58,"column":7},"end":{"line":58,"column":76}},"loc":{"start":{"line":58,"column":7},"end":{"line":58,"column":76}},"line":58},"3":{"name":"requireAuth","decl":{"start":{"line":64,"column":7},"end":{"line":86,"column":1}},"loc":{"start":{"line":64,"column":7},"end":{"line":86,"column":1}},"line":64}},"f":{"0":13,"1":1,"2":1,"3":4}}
,"/home/meller/Code/laneconductor/ui/server/index.mjs": {"path":"/home/meller/Code/laneconductor/ui/server/index.mjs","all":false,"statementMap":{"0":{"start":{"line":1,"column":0},"end":{"line":1,"column":48}},"1":{"start":{"line":2,"column":0},"end":{"line":2,"column":30}},"2":{"start":{"line":3,"column":0},"end":{"line":3,"column":44}},"3":{"start":{"line":4,"column":0},"end":{"line":4,"column":33}},"4":{"start":{"line":5,"column":0},"end":{"line":5,"column":34}},"5":{"start":{"line":6,"column":0},"end":{"line":6,"column":24}},"6":{"start":{"line":7,"column":0},"end":{"line":7,"column":20}},"7":{"start":{"line":8,"column":0},"end":{"line":8,"column":119}},"8":{"start":{"line":9,"column":0},"end":{"line":9,"column":46}},"9":{"start":{"line":10,"column":0},"end":{"line":10,"column":31}},"10":{"start":{"line":11,"column":0},"end":{"line":11,"column":36}},"11":{"start":{"line":12,"column":0},"end":{"line":12,"column":36}},"12":{"start":{"line":13,"column":0},"end":{"line":13,"column":61}},"13":{"start":{"line":14,"column":0},"end":{"line":14,"column":54}},"14":{"start":{"line":15,"column":0},"end":{"line":15,"column":83}},"16":{"start":{"line":17,"column":0},"end":{"line":17,"column":58}},"18":{"start":{"line":19,"column":0},"end":{"line":19,"column":42}},"22":{"start":{"line":23,"column":0},"end":{"line":23,"column":75}},"23":{"start":{"line":24,"column":0},"end":{"line":24,"column":62}},"25":{"start":{"line":26,"column":0},"end":{"line":26,"column":69}},"26":{"start":{"line":27,"column":0},"end":{"line":27,"column":44}},"27":{"start":{"line":28,"column":0},"end":{"line":28,"column":63}},"29":{"start":{"line":30,"column":0},"end":{"line":30,"column":41}},"30":{"start":{"line":31,"column":0},"end":{"line":31,"column":11}},"31":{"start":{"line":32,"column":0},"end":{"line":32,"column":14}},"32":{"start":{"line":33,"column":0},"end":{"line":33,"column":41}},"33":{"start":{"line":34,"column":0},"end":{"line":34,"column":43}},"34":{"start":{"line":35,"column":0},"end":{"line":35,"column":6}},"35":{"start":{"line":36,"column":0},"end":{"line":36,"column":64}},"36":{"start":{"line":37,"column":0},"end":{"line":37,"column":5}},"37":{"start":{"line":38,"column":0},"end":{"line":38,"column":30}},"38":{"start":{"line":39,"column":0},"end":{"line":39,"column":72}},"39":{"start":{"line":40,"column":0},"end":{"line":40,"column":38}},"40":{"start":{"line":41,"column":0},"end":{"line":41,"column":1}},"42":{"start":{"line":43,"column":0},"end":{"line":43,"column":85}},"43":{"start":{"line":44,"column":0},"end":{"line":44,"column":7}},"44":{"start":{"line":45,"column":0},"end":{"line":45,"column":21}},"45":{"start":{"line":46,"column":0},"end":{"line":46,"column":116}},"46":{"start":{"line":47,"column":0},"end":{"line":47,"column":58}},"47":{"start":{"line":48,"column":0},"end":{"line":48,"column":6}},"48":{"start":{"line":49,"column":0},"end":{"line":49,"column":91}},"49":{"start":{"line":50,"column":0},"end":{"line":50,"column":17}},"50":{"start":{"line":51,"column":0},"end":{"line":51,"column":85}},"51":{"start":{"line":52,"column":0},"end":{"line":52,"column":3}},"52":{"start":{"line":53,"column":0},"end":{"line":53,"column":1}},"54":{"start":{"line":55,"column":0},"end":{"line":55,"column":26}},"55":{"start":{"line":56,"column":0},"end":{"line":56,"column":43}},"56":{"start":{"line":57,"column":0},"end":{"line":57,"column":44}},"57":{"start":{"line":58,"column":0},"end":{"line":58,"column":51}},"58":{"start":{"line":59,"column":0},"end":{"line":59,"column":42}},"59":{"start":{"line":60,"column":0},"end":{"line":60,"column":50}},"60":{"start":{"line":61,"column":0},"end":{"line":61,"column":77}},"61":{"start":{"line":62,"column":0},"end":{"line":62,"column":3}},"64":{"start":{"line":65,"column":0},"end":{"line":65,"column":22}},"65":{"start":{"line":66,"column":0},"end":{"line":66,"column":33}},"66":{"start":{"line":67,"column":0},"end":{"line":67,"column":22}},"70":{"start":{"line":71,"column":0},"end":{"line":71,"column":29}},"72":{"start":{"line":73,"column":0},"end":{"line":73,"column":51}},"73":{"start":{"line":74,"column":0},"end":{"line":74,"column":24}},"78":{"start":{"line":79,"column":0},"end":{"line":79,"column":29}},"82":{"start":{"line":83,"column":0},"end":{"line":83,"column":48}},"83":{"start":{"line":84,"column":0},"end":{"line":84,"column":35}},"84":{"start":{"line":85,"column":0},"end":{"line":85,"column":87}},"86":{"start":{"line":87,"column":0},"end":{"line":87,"column":25}},"87":{"start":{"line":88,"column":0},"end":{"line":88,"column":44}},"88":{"start":{"line":89,"column":0},"end":{"line":89,"column":3}},"92":{"start":{"line":93,"column":0},"end":{"line":93,"column":44}},"93":{"start":{"line":94,"column":0},"end":{"line":94,"column":7}},"94":{"start":{"line":95,"column":0},"end":{"line":95,"column":33}},"95":{"start":{"line":96,"column":0},"end":{"line":96,"column":74}},"96":{"start":{"line":97,"column":0},"end":{"line":97,"column":17}},"97":{"start":{"line":98,"column":0},"end":{"line":98,"column":73}},"98":{"start":{"line":99,"column":0},"end":{"line":99,"column":3}},"99":{"start":{"line":100,"column":0},"end":{"line":100,"column":3}},"102":{"start":{"line":103,"column":0},"end":{"line":103,"column":29}},"106":{"start":{"line":107,"column":0},"end":{"line":107,"column":46}},"107":{"start":{"line":108,"column":0},"end":{"line":108,"column":7}},"108":{"start":{"line":109,"column":0},"end":{"line":109,"column":15}},"109":{"start":{"line":110,"column":0},"end":{"line":110,"column":56}},"111":{"start":{"line":112,"column":0},"end":{"line":112,"column":40}},"113":{"start":{"line":114,"column":0},"end":{"line":114,"column":32}},"114":{"start":{"line":115,"column":0},"end":{"line":115,"column":56}},"121":{"start":{"line":122,"column":0},"end":{"line":122,"column":22}},"122":{"start":{"line":123,"column":0},"end":{"line":123,"column":8}},"123":{"start":{"line":124,"column":0},"end":{"line":124,"column":12}},"125":{"start":{"line":126,"column":0},"end":{"line":126,"column":32}},"126":{"start":{"line":127,"column":0},"end":{"line":127,"column":48}},"131":{"start":{"line":132,"column":0},"end":{"line":132,"column":8}},"132":{"start":{"line":133,"column":0},"end":{"line":133,"column":5}},"133":{"start":{"line":134,"column":0},"end":{"line":134,"column":26}},"134":{"start":{"line":135,"column":0},"end":{"line":135,"column":17}},"135":{"start":{"line":136,"column":0},"end":{"line":136,"column":49}},"136":{"start":{"line":137,"column":0},"end":{"line":137,"column":3}},"137":{"start":{"line":138,"column":0},"end":{"line":138,"column":3}},"141":{"start":{"line":142,"column":0},"end":{"line":142,"column":58}},"142":{"start":{"line":143,"column":0},"end":{"line":143,"column":7}},"143":{"start":{"line":144,"column":0},"end":{"line":144,"column":56}},"144":{"start":{"line":145,"column":0},"end":{"line":145,"column":24}},"145":{"start":{"line":146,"column":0},"end":{"line":146,"column":26}},"146":{"start":{"line":147,"column":0},"end":{"line":147,"column":5}},"149":{"start":{"line":150,"column":0},"end":{"line":150,"column":24}},"150":{"start":{"line":151,"column":0},"end":{"line":151,"column":43}},"151":{"start":{"line":152,"column":0},"end":{"line":152,"column":80}},"152":{"start":{"line":153,"column":0},"end":{"line":153,"column":37}},"153":{"start":{"line":154,"column":0},"end":{"line":154,"column":8}},"154":{"start":{"line":155,"column":0},"end":{"line":155,"column":42}},"155":{"start":{"line":156,"column":0},"end":{"line":156,"column":60}},"156":{"start":{"line":157,"column":0},"end":{"line":157,"column":7}},"157":{"start":{"line":158,"column":0},"end":{"line":158,"column":5}},"159":{"start":{"line":160,"column":0},"end":{"line":160,"column":36}},"160":{"start":{"line":161,"column":0},"end":{"line":161,"column":39}},"164":{"start":{"line":165,"column":0},"end":{"line":165,"column":21}},"165":{"start":{"line":166,"column":0},"end":{"line":166,"column":6}},"166":{"start":{"line":167,"column":0},"end":{"line":167,"column":26}},"167":{"start":{"line":168,"column":0},"end":{"line":168,"column":17}},"168":{"start":{"line":169,"column":0},"end":{"line":169,"column":49}},"169":{"start":{"line":170,"column":0},"end":{"line":170,"column":3}},"170":{"start":{"line":171,"column":0},"end":{"line":171,"column":3}},"177":{"start":{"line":178,"column":0},"end":{"line":178,"column":58}},"178":{"start":{"line":179,"column":0},"end":{"line":179,"column":7}},"179":{"start":{"line":180,"column":0},"end":{"line":180,"column":36}},"180":{"start":{"line":181,"column":0},"end":{"line":181,"column":96}},"186":{"start":{"line":187,"column":0},"end":{"line":187,"column":21}},"187":{"start":{"line":188,"column":0},"end":{"line":188,"column":6}},"188":{"start":{"line":189,"column":0},"end":{"line":189,"column":26}},"189":{"start":{"line":190,"column":0},"end":{"line":190,"column":17}},"190":{"start":{"line":191,"column":0},"end":{"line":191,"column":49}},"191":{"start":{"line":192,"column":0},"end":{"line":192,"column":3}},"192":{"start":{"line":193,"column":0},"end":{"line":193,"column":3}},"194":{"start":{"line":195,"column":0},"end":{"line":195,"column":45}},"195":{"start":{"line":196,"column":0},"end":{"line":196,"column":7}},"196":{"start":{"line":197,"column":0},"end":{"line":197,"column":36}},"197":{"start":{"line":198,"column":0},"end":{"line":198,"column":96}},"204":{"start":{"line":205,"column":0},"end":{"line":205,"column":6}},"205":{"start":{"line":206,"column":0},"end":{"line":206,"column":26}},"206":{"start":{"line":207,"column":0},"end":{"line":207,"column":17}},"207":{"start":{"line":208,"column":0},"end":{"line":208,"column":49}},"208":{"start":{"line":209,"column":0},"end":{"line":209,"column":3}},"209":{"start":{"line":210,"column":0},"end":{"line":210,"column":3}},"211":{"start":{"line":212,"column":0},"end":{"line":212,"column":64}},"212":{"start":{"line":213,"column":0},"end":{"line":213,"column":7}},"213":{"start":{"line":214,"column":0},"end":{"line":214,"column":101}},"214":{"start":{"line":215,"column":0},"end":{"line":215,"column":94}},"215":{"start":{"line":216,"column":0},"end":{"line":216,"column":41}},"217":{"start":{"line":218,"column":0},"end":{"line":218,"column":84}},"218":{"start":{"line":219,"column":0},"end":{"line":219,"column":43}},"219":{"start":{"line":220,"column":0},"end":{"line":220,"column":17}},"220":{"start":{"line":221,"column":0},"end":{"line":221,"column":49}},"221":{"start":{"line":222,"column":0},"end":{"line":222,"column":3}},"222":{"start":{"line":223,"column":0},"end":{"line":223,"column":3}},"224":{"start":{"line":225,"column":0},"end":{"line":225,"column":63}},"225":{"start":{"line":226,"column":0},"end":{"line":226,"column":7}},"226":{"start":{"line":227,"column":0},"end":{"line":227,"column":101}},"227":{"start":{"line":228,"column":0},"end":{"line":228,"column":94}},"228":{"start":{"line":229,"column":0},"end":{"line":229,"column":41}},"230":{"start":{"line":231,"column":0},"end":{"line":231,"column":83}},"231":{"start":{"line":232,"column":0},"end":{"line":232,"column":43}},"232":{"start":{"line":233,"column":0},"end":{"line":233,"column":17}},"233":{"start":{"line":234,"column":0},"end":{"line":234,"column":49}},"234":{"start":{"line":235,"column":0},"end":{"line":235,"column":3}},"235":{"start":{"line":236,"column":0},"end":{"line":236,"column":3}},"237":{"start":{"line":238,"column":0},"end":{"line":238,"column":60}},"238":{"start":{"line":239,"column":0},"end":{"line":239,"column":7}},"239":{"start":{"line":240,"column":0},"end":{"line":240,"column":91}},"240":{"start":{"line":241,"column":0},"end":{"line":241,"column":35}},"241":{"start":{"line":242,"column":0},"end":{"line":242,"column":17}},"242":{"start":{"line":243,"column":0},"end":{"line":243,"column":63}},"243":{"start":{"line":244,"column":0},"end":{"line":244,"column":3}},"244":{"start":{"line":245,"column":0},"end":{"line":245,"column":3}},"248":{"start":{"line":249,"column":0},"end":{"line":249,"column":52}},"249":{"start":{"line":250,"column":0},"end":{"line":250,"column":7}},"250":{"start":{"line":251,"column":0},"end":{"line":251,"column":37}},"251":{"start":{"line":252,"column":0},"end":{"line":252,"column":20}},"256":{"start":{"line":257,"column":0},"end":{"line":257,"column":23}},"257":{"start":{"line":258,"column":0},"end":{"line":258,"column":21}},"258":{"start":{"line":259,"column":0},"end":{"line":259,"column":43}},"259":{"start":{"line":260,"column":0},"end":{"line":260,"column":33}},"260":{"start":{"line":261,"column":0},"end":{"line":261,"column":5}},"261":{"start":{"line":262,"column":0},"end":{"line":262,"column":81}},"262":{"start":{"line":263,"column":0},"end":{"line":263,"column":52}},"263":{"start":{"line":264,"column":0},"end":{"line":264,"column":21}},"264":{"start":{"line":265,"column":0},"end":{"line":265,"column":17}},"265":{"start":{"line":266,"column":0},"end":{"line":266,"column":63}},"266":{"start":{"line":267,"column":0},"end":{"line":267,"column":3}},"267":{"start":{"line":268,"column":0},"end":{"line":268,"column":3}},"269":{"start":{"line":270,"column":0},"end":{"line":270,"column":65}},"270":{"start":{"line":271,"column":0},"end":{"line":271,"column":7}},"271":{"start":{"line":272,"column":0},"end":{"line":272,"column":30}},"272":{"start":{"line":273,"column":0},"end":{"line":273,"column":32}},"278":{"start":{"line":279,"column":0},"end":{"line":279,"column":76}},"279":{"start":{"line":280,"column":0},"end":{"line":280,"column":27}},"280":{"start":{"line":281,"column":0},"end":{"line":281,"column":17}},"281":{"start":{"line":282,"column":0},"end":{"line":282,"column":63}},"282":{"start":{"line":283,"column":0},"end":{"line":283,"column":3}},"283":{"start":{"line":284,"column":0},"end":{"line":284,"column":3}},"285":{"start":{"line":286,"column":0},"end":{"line":286,"column":57}},"286":{"start":{"line":287,"column":0},"end":{"line":287,"column":7}},"287":{"start":{"line":288,"column":0},"end":{"line":288,"column":36}},"288":{"start":{"line":289,"column":0},"end":{"line":289,"column":79}},"334":{"start":{"line":335,"column":0},"end":{"line":335,"column":58}},"336":{"start":{"line":337,"column":0},"end":{"line":337,"column":74}},"337":{"start":{"line":338,"column":0},"end":{"line":338,"column":6}},"338":{"start":{"line":339,"column":0},"end":{"line":339,"column":26}},"339":{"start":{"line":340,"column":0},"end":{"line":340,"column":17}},"340":{"start":{"line":341,"column":0},"end":{"line":341,"column":49}},"341":{"start":{"line":342,"column":0},"end":{"line":342,"column":3}},"342":{"start":{"line":343,"column":0},"end":{"line":343,"column":3}},"344":{"start":{"line":345,"column":0},"end":{"line":345,"column":73}},"345":{"start":{"line":346,"column":0},"end":{"line":346,"column":7}},"346":{"start":{"line":347,"column":0},"end":{"line":347,"column":34}},"347":{"start":{"line":348,"column":0},"end":{"line":348,"column":95}},"348":{"start":{"line":349,"column":0},"end":{"line":349,"column":100}},"349":{"start":{"line":350,"column":0},"end":{"line":350,"column":90}},"350":{"start":{"line":351,"column":0},"end":{"line":351,"column":27}},"351":{"start":{"line":352,"column":0},"end":{"line":352,"column":17}},"352":{"start":{"line":353,"column":0},"end":{"line":353,"column":63}},"353":{"start":{"line":354,"column":0},"end":{"line":354,"column":3}},"354":{"start":{"line":355,"column":0},"end":{"line":355,"column":3}},"356":{"start":{"line":357,"column":0},"end":{"line":357,"column":64}},"357":{"start":{"line":358,"column":0},"end":{"line":358,"column":7}},"358":{"start":{"line":359,"column":0},"end":{"line":359,"column":49}},"359":{"start":{"line":360,"column":0},"end":{"line":360,"column":91}},"360":{"start":{"line":361,"column":0},"end":{"line":361,"column":74}},"362":{"start":{"line":363,"column":0},"end":{"line":363,"column":74}},"363":{"start":{"line":364,"column":0},"end":{"line":364,"column":68}},"364":{"start":{"line":365,"column":0},"end":{"line":365,"column":5}},"365":{"start":{"line":366,"column":0},"end":{"line":366,"column":95}},"366":{"start":{"line":367,"column":0},"end":{"line":367,"column":67}},"367":{"start":{"line":368,"column":0},"end":{"line":368,"column":5}},"370":{"start":{"line":371,"column":0},"end":{"line":371,"column":49}},"371":{"start":{"line":372,"column":0},"end":{"line":372,"column":36}},"372":{"start":{"line":373,"column":0},"end":{"line":373,"column":45}},"373":{"start":{"line":374,"column":0},"end":{"line":374,"column":5}},"375":{"start":{"line":376,"column":0},"end":{"line":376,"column":65}},"376":{"start":{"line":377,"column":0},"end":{"line":377,"column":90}},"377":{"start":{"line":378,"column":0},"end":{"line":378,"column":27}},"378":{"start":{"line":379,"column":0},"end":{"line":379,"column":17}},"379":{"start":{"line":380,"column":0},"end":{"line":380,"column":63}},"380":{"start":{"line":381,"column":0},"end":{"line":381,"column":3}},"381":{"start":{"line":382,"column":0},"end":{"line":382,"column":3}},"385":{"start":{"line":386,"column":0},"end":{"line":386,"column":58}},"386":{"start":{"line":387,"column":0},"end":{"line":387,"column":7}},"387":{"start":{"line":388,"column":0},"end":{"line":388,"column":67}},"388":{"start":{"line":389,"column":0},"end":{"line":389,"column":93}},"391":{"start":{"line":392,"column":0},"end":{"line":392,"column":40}},"392":{"start":{"line":393,"column":0},"end":{"line":393,"column":57}},"393":{"start":{"line":394,"column":0},"end":{"line":394,"column":21}},"394":{"start":{"line":395,"column":0},"end":{"line":395,"column":6}},"395":{"start":{"line":396,"column":0},"end":{"line":396,"column":98}},"396":{"start":{"line":397,"column":0},"end":{"line":397,"column":45}},"399":{"start":{"line":400,"column":0},"end":{"line":400,"column":39}},"400":{"start":{"line":401,"column":0},"end":{"line":401,"column":77}},"402":{"start":{"line":403,"column":0},"end":{"line":403,"column":21}},"403":{"start":{"line":404,"column":0},"end":{"line":404,"column":6}},"404":{"start":{"line":405,"column":0},"end":{"line":405,"column":47}},"405":{"start":{"line":406,"column":0},"end":{"line":406,"column":57}},"408":{"start":{"line":409,"column":0},"end":{"line":409,"column":44}},"409":{"start":{"line":410,"column":0},"end":{"line":410,"column":32}},"410":{"start":{"line":411,"column":0},"end":{"line":411,"column":26}},"411":{"start":{"line":412,"column":0},"end":{"line":412,"column":42}},"412":{"start":{"line":413,"column":0},"end":{"line":413,"column":26}},"413":{"start":{"line":414,"column":0},"end":{"line":414,"column":26}},"414":{"start":{"line":415,"column":0},"end":{"line":415,"column":30}},"415":{"start":{"line":416,"column":0},"end":{"line":416,"column":22}},"419":{"start":{"line":420,"column":0},"end":{"line":420,"column":83}},"420":{"start":{"line":421,"column":0},"end":{"line":421,"column":41}},"421":{"start":{"line":422,"column":0},"end":{"line":422,"column":284}},"424":{"start":{"line":425,"column":0},"end":{"line":425,"column":9}},"425":{"start":{"line":426,"column":0},"end":{"line":426,"column":244}},"427":{"start":{"line":428,"column":0},"end":{"line":428,"column":94}},"428":{"start":{"line":429,"column":0},"end":{"line":429,"column":54}},"429":{"start":{"line":430,"column":0},"end":{"line":430,"column":17}},"430":{"start":{"line":431,"column":0},"end":{"line":431,"column":85}},"431":{"start":{"line":432,"column":0},"end":{"line":432,"column":5}},"434":{"start":{"line":435,"column":0},"end":{"line":435,"column":75}},"435":{"start":{"line":436,"column":0},"end":{"line":436,"column":75}},"438":{"start":{"line":439,"column":0},"end":{"line":439,"column":42}},"439":{"start":{"line":440,"column":0},"end":{"line":440,"column":126}},"440":{"start":{"line":441,"column":0},"end":{"line":441,"column":34}},"441":{"start":{"line":442,"column":0},"end":{"line":442,"column":6}},"442":{"start":{"line":443,"column":0},"end":{"line":443,"column":39}},"443":{"start":{"line":444,"column":0},"end":{"line":444,"column":87}},"444":{"start":{"line":445,"column":0},"end":{"line":445,"column":50}},"445":{"start":{"line":446,"column":0},"end":{"line":446,"column":17}},"446":{"start":{"line":447,"column":0},"end":{"line":447,"column":49}},"447":{"start":{"line":448,"column":0},"end":{"line":448,"column":3}},"448":{"start":{"line":449,"column":0},"end":{"line":449,"column":3}},"452":{"start":{"line":453,"column":0},"end":{"line":453,"column":44}},"453":{"start":{"line":454,"column":0},"end":{"line":454,"column":7}},"454":{"start":{"line":455,"column":0},"end":{"line":455,"column":36}},"455":{"start":{"line":456,"column":0},"end":{"line":456,"column":79}},"485":{"start":{"line":486,"column":0},"end":{"line":486,"column":6}},"486":{"start":{"line":487,"column":0},"end":{"line":487,"column":26}},"487":{"start":{"line":488,"column":0},"end":{"line":488,"column":17}},"488":{"start":{"line":489,"column":0},"end":{"line":489,"column":49}},"489":{"start":{"line":490,"column":0},"end":{"line":490,"column":3}},"490":{"start":{"line":491,"column":0},"end":{"line":491,"column":3}},"494":{"start":{"line":495,"column":0},"end":{"line":495,"column":43}},"495":{"start":{"line":496,"column":0},"end":{"line":496,"column":7}},"496":{"start":{"line":497,"column":0},"end":{"line":497,"column":37}},"497":{"start":{"line":498,"column":0},"end":{"line":498,"column":22}},"498":{"start":{"line":499,"column":0},"end":{"line":499,"column":36}},"499":{"start":{"line":500,"column":0},"end":{"line":500,"column":64}},"500":{"start":{"line":501,"column":0},"end":{"line":501,"column":11}},"502":{"start":{"line":503,"column":0},"end":{"line":503,"column":36}},"503":{"start":{"line":504,"column":0},"end":{"line":504,"column":71}},"530":{"start":{"line":531,"column":0},"end":{"line":531,"column":33}},"532":{"start":{"line":533,"column":0},"end":{"line":533,"column":12}},"533":{"start":{"line":534,"column":0},"end":{"line":534,"column":6}},"534":{"start":{"line":535,"column":0},"end":{"line":535,"column":26}},"535":{"start":{"line":536,"column":0},"end":{"line":536,"column":17}},"536":{"start":{"line":537,"column":0},"end":{"line":537,"column":49}},"537":{"start":{"line":538,"column":0},"end":{"line":538,"column":3}},"538":{"start":{"line":539,"column":0},"end":{"line":539,"column":3}},"540":{"start":{"line":541,"column":0},"end":{"line":541,"column":71}},"541":{"start":{"line":542,"column":0},"end":{"line":542,"column":7}},"542":{"start":{"line":543,"column":0},"end":{"line":543,"column":68}},"543":{"start":{"line":544,"column":0},"end":{"line":544,"column":76}},"545":{"start":{"line":546,"column":0},"end":{"line":546,"column":21}},"546":{"start":{"line":547,"column":0},"end":{"line":547,"column":71}},"547":{"start":{"line":548,"column":0},"end":{"line":548,"column":15}},"548":{"start":{"line":549,"column":0},"end":{"line":549,"column":6}},"549":{"start":{"line":550,"column":0},"end":{"line":550,"column":90}},"550":{"start":{"line":551,"column":0},"end":{"line":551,"column":27}},"551":{"start":{"line":552,"column":0},"end":{"line":552,"column":17}},"552":{"start":{"line":553,"column":0},"end":{"line":553,"column":49}},"553":{"start":{"line":554,"column":0},"end":{"line":554,"column":3}},"554":{"start":{"line":555,"column":0},"end":{"line":555,"column":3}},"558":{"start":{"line":559,"column":0},"end":{"line":559,"column":60}},"559":{"start":{"line":560,"column":0},"end":{"line":560,"column":7}},"560":{"start":{"line":561,"column":0},"end":{"line":561,"column":36}},"561":{"start":{"line":562,"column":0},"end":{"line":562,"column":59}},"562":{"start":{"line":563,"column":0},"end":{"line":563,"column":21}},"563":{"start":{"line":564,"column":0},"end":{"line":564,"column":6}},"564":{"start":{"line":565,"column":0},"end":{"line":565,"column":94}},"565":{"start":{"line":566,"column":0},"end":{"line":566,"column":51}},"566":{"start":{"line":567,"column":0},"end":{"line":567,"column":17}},"567":{"start":{"line":568,"column":0},"end":{"line":568,"column":49}},"568":{"start":{"line":569,"column":0},"end":{"line":569,"column":3}},"569":{"start":{"line":570,"column":0},"end":{"line":570,"column":3}},"571":{"start":{"line":572,"column":0},"end":{"line":572,"column":59}},"572":{"start":{"line":573,"column":0},"end":{"line":573,"column":72}},"573":{"start":{"line":574,"column":0},"end":{"line":574,"column":7}},"574":{"start":{"line":575,"column":0},"end":{"line":575,"column":118}},"575":{"start":{"line":576,"column":0},"end":{"line":576,"column":94}},"577":{"start":{"line":578,"column":0},"end":{"line":578,"column":58}},"580":{"start":{"line":581,"column":0},"end":{"line":581,"column":41}},"581":{"start":{"line":582,"column":0},"end":{"line":582,"column":102}},"582":{"start":{"line":583,"column":0},"end":{"line":583,"column":5}},"585":{"start":{"line":586,"column":0},"end":{"line":586,"column":20}},"586":{"start":{"line":587,"column":0},"end":{"line":587,"column":69}},"587":{"start":{"line":588,"column":0},"end":{"line":588,"column":33}},"588":{"start":{"line":589,"column":0},"end":{"line":589,"column":105}},"589":{"start":{"line":590,"column":0},"end":{"line":590,"column":7}},"590":{"start":{"line":591,"column":0},"end":{"line":591,"column":5}},"592":{"start":{"line":593,"column":0},"end":{"line":593,"column":17}},"593":{"start":{"line":594,"column":0},"end":{"line":594,"column":17}},"594":{"start":{"line":595,"column":0},"end":{"line":595,"column":49}},"595":{"start":{"line":596,"column":0},"end":{"line":596,"column":3}},"596":{"start":{"line":597,"column":0},"end":{"line":597,"column":3}},"598":{"start":{"line":599,"column":0},"end":{"line":599,"column":60}},"599":{"start":{"line":600,"column":0},"end":{"line":600,"column":7}},"600":{"start":{"line":601,"column":0},"end":{"line":601,"column":43}},"601":{"start":{"line":602,"column":0},"end":{"line":602,"column":81}},"603":{"start":{"line":604,"column":0},"end":{"line":604,"column":120}},"604":{"start":{"line":605,"column":0},"end":{"line":605,"column":68}},"605":{"start":{"line":606,"column":0},"end":{"line":606,"column":55}},"608":{"start":{"line":609,"column":0},"end":{"line":609,"column":44}},"609":{"start":{"line":610,"column":0},"end":{"line":610,"column":113}},"612":{"start":{"line":613,"column":0},"end":{"line":613,"column":49}},"613":{"start":{"line":614,"column":0},"end":{"line":614,"column":43}},"614":{"start":{"line":615,"column":0},"end":{"line":615,"column":68}},"615":{"start":{"line":616,"column":0},"end":{"line":616,"column":54}},"616":{"start":{"line":617,"column":0},"end":{"line":617,"column":5}},"618":{"start":{"line":619,"column":0},"end":{"line":619,"column":81}},"619":{"start":{"line":620,"column":0},"end":{"line":620,"column":27}},"620":{"start":{"line":621,"column":0},"end":{"line":621,"column":17}},"621":{"start":{"line":622,"column":0},"end":{"line":622,"column":49}},"622":{"start":{"line":623,"column":0},"end":{"line":623,"column":3}},"623":{"start":{"line":624,"column":0},"end":{"line":624,"column":3}},"625":{"start":{"line":626,"column":0},"end":{"line":626,"column":65}},"626":{"start":{"line":627,"column":0},"end":{"line":627,"column":7}},"627":{"start":{"line":628,"column":0},"end":{"line":628,"column":46}},"628":{"start":{"line":629,"column":0},"end":{"line":629,"column":36}},"631":{"start":{"line":632,"column":0},"end":{"line":632,"column":98}},"632":{"start":{"line":633,"column":0},"end":{"line":633,"column":86}},"633":{"start":{"line":634,"column":0},"end":{"line":634,"column":42}},"635":{"start":{"line":636,"column":0},"end":{"line":636,"column":130}},"636":{"start":{"line":637,"column":0},"end":{"line":637,"column":85}},"637":{"start":{"line":638,"column":0},"end":{"line":638,"column":40}},"640":{"start":{"line":641,"column":0},"end":{"line":641,"column":82}},"641":{"start":{"line":642,"column":0},"end":{"line":642,"column":68}},"644":{"start":{"line":645,"column":0},"end":{"line":645,"column":45}},"645":{"start":{"line":646,"column":0},"end":{"line":646,"column":63}},"646":{"start":{"line":647,"column":0},"end":{"line":647,"column":34}},"647":{"start":{"line":648,"column":0},"end":{"line":648,"column":83}},"648":{"start":{"line":649,"column":0},"end":{"line":649,"column":18}},"649":{"start":{"line":650,"column":0},"end":{"line":650,"column":73}},"650":{"start":{"line":651,"column":0},"end":{"line":651,"column":9}},"651":{"start":{"line":652,"column":0},"end":{"line":652,"column":7}},"653":{"start":{"line":654,"column":0},"end":{"line":654,"column":82}},"654":{"start":{"line":655,"column":0},"end":{"line":655,"column":66}},"655":{"start":{"line":656,"column":0},"end":{"line":656,"column":5}},"657":{"start":{"line":658,"column":0},"end":{"line":658,"column":69}},"658":{"start":{"line":659,"column":0},"end":{"line":659,"column":75}},"659":{"start":{"line":660,"column":0},"end":{"line":660,"column":27}},"660":{"start":{"line":661,"column":0},"end":{"line":661,"column":17}},"661":{"start":{"line":662,"column":0},"end":{"line":662,"column":49}},"662":{"start":{"line":663,"column":0},"end":{"line":663,"column":3}},"663":{"start":{"line":664,"column":0},"end":{"line":664,"column":3}},"665":{"start":{"line":666,"column":0},"end":{"line":666,"column":57}},"666":{"start":{"line":667,"column":0},"end":{"line":667,"column":7}},"667":{"start":{"line":668,"column":0},"end":{"line":668,"column":31}},"668":{"start":{"line":669,"column":0},"end":{"line":669,"column":151}},"669":{"start":{"line":670,"column":0},"end":{"line":670,"column":21}},"670":{"start":{"line":671,"column":0},"end":{"line":671,"column":6}},"671":{"start":{"line":672,"column":0},"end":{"line":672,"column":80}},"672":{"start":{"line":673,"column":0},"end":{"line":673,"column":134}},"675":{"start":{"line":676,"column":0},"end":{"line":676,"column":20}},"676":{"start":{"line":677,"column":0},"end":{"line":677,"column":74}},"677":{"start":{"line":678,"column":0},"end":{"line":678,"column":119}},"678":{"start":{"line":679,"column":0},"end":{"line":679,"column":53}},"679":{"start":{"line":680,"column":0},"end":{"line":680,"column":93}},"680":{"start":{"line":681,"column":0},"end":{"line":681,"column":5}},"682":{"start":{"line":683,"column":0},"end":{"line":683,"column":38}},"683":{"start":{"line":684,"column":0},"end":{"line":684,"column":41}},"684":{"start":{"line":685,"column":0},"end":{"line":685,"column":47}},"685":{"start":{"line":686,"column":0},"end":{"line":686,"column":104}},"687":{"start":{"line":688,"column":0},"end":{"line":688,"column":14}},"688":{"start":{"line":689,"column":0},"end":{"line":689,"column":112}},"689":{"start":{"line":690,"column":0},"end":{"line":690,"column":93}},"690":{"start":{"line":691,"column":0},"end":{"line":691,"column":88}},"691":{"start":{"line":692,"column":0},"end":{"line":692,"column":28}},"692":{"start":{"line":693,"column":0},"end":{"line":693,"column":84}},"693":{"start":{"line":694,"column":0},"end":{"line":694,"column":39}},"694":{"start":{"line":695,"column":0},"end":{"line":695,"column":33}},"695":{"start":{"line":696,"column":0},"end":{"line":696,"column":40}},"696":{"start":{"line":697,"column":0},"end":{"line":697,"column":17}},"697":{"start":{"line":698,"column":0},"end":{"line":698,"column":28}},"698":{"start":{"line":699,"column":0},"end":{"line":699,"column":39}},"699":{"start":{"line":700,"column":0},"end":{"line":700,"column":7}},"700":{"start":{"line":701,"column":0},"end":{"line":701,"column":17}},"701":{"start":{"line":702,"column":0},"end":{"line":702,"column":49}},"702":{"start":{"line":703,"column":0},"end":{"line":703,"column":3}},"703":{"start":{"line":704,"column":0},"end":{"line":704,"column":3}},"705":{"start":{"line":706,"column":0},"end":{"line":706,"column":59}},"706":{"start":{"line":707,"column":0},"end":{"line":707,"column":7}},"707":{"start":{"line":708,"column":0},"end":{"line":708,"column":95}},"709":{"start":{"line":710,"column":0},"end":{"line":710,"column":38}},"710":{"start":{"line":711,"column":0},"end":{"line":711,"column":70}},"711":{"start":{"line":712,"column":0},"end":{"line":712,"column":21}},"712":{"start":{"line":713,"column":0},"end":{"line":713,"column":6}},"713":{"start":{"line":714,"column":0},"end":{"line":714,"column":87}},"714":{"start":{"line":715,"column":0},"end":{"line":715,"column":60}},"717":{"start":{"line":718,"column":0},"end":{"line":718,"column":21}},"718":{"start":{"line":719,"column":0},"end":{"line":719,"column":26}},"723":{"start":{"line":724,"column":0},"end":{"line":724,"column":7}},"724":{"start":{"line":725,"column":0},"end":{"line":725,"column":53}},"725":{"start":{"line":726,"column":0},"end":{"line":726,"column":57}},"726":{"start":{"line":727,"column":0},"end":{"line":727,"column":37}},"727":{"start":{"line":728,"column":0},"end":{"line":728,"column":22}},"728":{"start":{"line":729,"column":0},"end":{"line":729,"column":7}},"729":{"start":{"line":730,"column":0},"end":{"line":730,"column":6}},"732":{"start":{"line":733,"column":0},"end":{"line":733,"column":20}},"733":{"start":{"line":734,"column":0},"end":{"line":734,"column":74}},"734":{"start":{"line":735,"column":0},"end":{"line":735,"column":119}},"735":{"start":{"line":736,"column":0},"end":{"line":736,"column":53}},"736":{"start":{"line":737,"column":0},"end":{"line":737,"column":93}},"737":{"start":{"line":738,"column":0},"end":{"line":738,"column":5}},"739":{"start":{"line":740,"column":0},"end":{"line":740,"column":45}},"740":{"start":{"line":741,"column":0},"end":{"line":741,"column":97}},"741":{"start":{"line":742,"column":0},"end":{"line":742,"column":110}},"742":{"start":{"line":743,"column":0},"end":{"line":743,"column":45}},"743":{"start":{"line":744,"column":0},"end":{"line":744,"column":63}},"744":{"start":{"line":745,"column":0},"end":{"line":745,"column":39}},"745":{"start":{"line":746,"column":0},"end":{"line":746,"column":70}},"746":{"start":{"line":747,"column":0},"end":{"line":747,"column":164}},"747":{"start":{"line":748,"column":0},"end":{"line":748,"column":52}},"748":{"start":{"line":749,"column":0},"end":{"line":749,"column":73}},"750":{"start":{"line":751,"column":0},"end":{"line":751,"column":109}},"751":{"start":{"line":752,"column":0},"end":{"line":752,"column":110}},"754":{"start":{"line":755,"column":0},"end":{"line":755,"column":45}},"755":{"start":{"line":756,"column":0},"end":{"line":756,"column":108}},"756":{"start":{"line":757,"column":0},"end":{"line":757,"column":5}},"758":{"start":{"line":759,"column":0},"end":{"line":759,"column":80}},"759":{"start":{"line":760,"column":0},"end":{"line":760,"column":27}},"760":{"start":{"line":761,"column":0},"end":{"line":761,"column":17}},"761":{"start":{"line":762,"column":0},"end":{"line":762,"column":49}},"762":{"start":{"line":763,"column":0},"end":{"line":763,"column":3}},"763":{"start":{"line":764,"column":0},"end":{"line":764,"column":3}},"765":{"start":{"line":766,"column":0},"end":{"line":766,"column":66}},"766":{"start":{"line":767,"column":0},"end":{"line":767,"column":7}},"767":{"start":{"line":768,"column":0},"end":{"line":768,"column":31}},"768":{"start":{"line":769,"column":0},"end":{"line":769,"column":82}},"773":{"start":{"line":774,"column":0},"end":{"line":774,"column":21}},"774":{"start":{"line":775,"column":0},"end":{"line":775,"column":6}},"775":{"start":{"line":776,"column":0},"end":{"line":776,"column":33}},"776":{"start":{"line":777,"column":0},"end":{"line":777,"column":17}},"777":{"start":{"line":778,"column":0},"end":{"line":778,"column":49}},"778":{"start":{"line":779,"column":0},"end":{"line":779,"column":3}},"779":{"start":{"line":780,"column":0},"end":{"line":780,"column":3}},"783":{"start":{"line":784,"column":0},"end":{"line":784,"column":62}},"784":{"start":{"line":785,"column":0},"end":{"line":785,"column":7}},"785":{"start":{"line":786,"column":0},"end":{"line":786,"column":36}},"786":{"start":{"line":787,"column":0},"end":{"line":787,"column":69}},"791":{"start":{"line":792,"column":0},"end":{"line":792,"column":37}},"792":{"start":{"line":793,"column":0},"end":{"line":793,"column":6}},"793":{"start":{"line":794,"column":0},"end":{"line":794,"column":92}},"794":{"start":{"line":795,"column":0},"end":{"line":795,"column":29}},"795":{"start":{"line":796,"column":0},"end":{"line":796,"column":14}},"796":{"start":{"line":797,"column":0},"end":{"line":797,"column":35}},"797":{"start":{"line":798,"column":0},"end":{"line":798,"column":21}},"798":{"start":{"line":799,"column":0},"end":{"line":799,"column":33}},"799":{"start":{"line":800,"column":0},"end":{"line":800,"column":43}},"800":{"start":{"line":801,"column":0},"end":{"line":801,"column":37}},"801":{"start":{"line":802,"column":0},"end":{"line":802,"column":41}},"802":{"start":{"line":803,"column":0},"end":{"line":803,"column":39}},"803":{"start":{"line":804,"column":0},"end":{"line":804,"column":29}},"804":{"start":{"line":805,"column":0},"end":{"line":805,"column":27}},"805":{"start":{"line":806,"column":0},"end":{"line":806,"column":27}},"806":{"start":{"line":807,"column":0},"end":{"line":807,"column":37}},"807":{"start":{"line":808,"column":0},"end":{"line":808,"column":7}},"808":{"start":{"line":809,"column":0},"end":{"line":809,"column":17}},"809":{"start":{"line":810,"column":0},"end":{"line":810,"column":49}},"810":{"start":{"line":811,"column":0},"end":{"line":811,"column":3}},"811":{"start":{"line":812,"column":0},"end":{"line":812,"column":3}},"815":{"start":{"line":816,"column":0},"end":{"line":816,"column":48}},"816":{"start":{"line":817,"column":0},"end":{"line":817,"column":29}},"817":{"start":{"line":818,"column":0},"end":{"line":818,"column":72}},"818":{"start":{"line":819,"column":0},"end":{"line":819,"column":25}},"819":{"start":{"line":820,"column":0},"end":{"line":820,"column":4}},"820":{"start":{"line":821,"column":0},"end":{"line":821,"column":31}},"821":{"start":{"line":822,"column":0},"end":{"line":822,"column":1}},"825":{"start":{"line":826,"column":0},"end":{"line":826,"column":62}},"826":{"start":{"line":827,"column":0},"end":{"line":827,"column":7}},"828":{"start":{"line":829,"column":0},"end":{"line":829,"column":101}},"829":{"start":{"line":830,"column":0},"end":{"line":830,"column":30}},"830":{"start":{"line":831,"column":0},"end":{"line":831,"column":68}},"831":{"start":{"line":832,"column":0},"end":{"line":832,"column":13}},"832":{"start":{"line":833,"column":0},"end":{"line":833,"column":5}},"834":{"start":{"line":835,"column":0},"end":{"line":835,"column":50}},"837":{"start":{"line":838,"column":0},"end":{"line":838,"column":63}},"838":{"start":{"line":839,"column":0},"end":{"line":839,"column":39}},"840":{"start":{"line":841,"column":0},"end":{"line":841,"column":58}},"841":{"start":{"line":842,"column":0},"end":{"line":842,"column":39}},"842":{"start":{"line":843,"column":0},"end":{"line":843,"column":55}},"843":{"start":{"line":844,"column":0},"end":{"line":844,"column":7}},"844":{"start":{"line":845,"column":0},"end":{"line":845,"column":28}},"846":{"start":{"line":847,"column":0},"end":{"line":847,"column":37}},"847":{"start":{"line":848,"column":0},"end":{"line":848,"column":205}},"848":{"start":{"line":849,"column":0},"end":{"line":849,"column":29}},"849":{"start":{"line":850,"column":0},"end":{"line":850,"column":8}},"850":{"start":{"line":851,"column":0},"end":{"line":851,"column":27}},"851":{"start":{"line":852,"column":0},"end":{"line":852,"column":80}},"852":{"start":{"line":853,"column":0},"end":{"line":853,"column":15}},"853":{"start":{"line":854,"column":0},"end":{"line":854,"column":7}},"854":{"start":{"line":855,"column":0},"end":{"line":855,"column":30}},"855":{"start":{"line":856,"column":0},"end":{"line":856,"column":106}},"856":{"start":{"line":857,"column":0},"end":{"line":857,"column":47}},"857":{"start":{"line":858,"column":0},"end":{"line":858,"column":56}},"858":{"start":{"line":859,"column":0},"end":{"line":859,"column":49}},"859":{"start":{"line":860,"column":0},"end":{"line":860,"column":313}},"860":{"start":{"line":861,"column":0},"end":{"line":861,"column":75}},"861":{"start":{"line":862,"column":0},"end":{"line":862,"column":96}},"862":{"start":{"line":863,"column":0},"end":{"line":863,"column":96}},"863":{"start":{"line":864,"column":0},"end":{"line":864,"column":92}},"865":{"start":{"line":866,"column":0},"end":{"line":866,"column":33}},"866":{"start":{"line":867,"column":0},"end":{"line":867,"column":5}},"868":{"start":{"line":869,"column":0},"end":{"line":869,"column":72}},"869":{"start":{"line":870,"column":0},"end":{"line":870,"column":38}},"870":{"start":{"line":871,"column":0},"end":{"line":871,"column":78}},"871":{"start":{"line":872,"column":0},"end":{"line":872,"column":13}},"872":{"start":{"line":873,"column":0},"end":{"line":873,"column":5}},"875":{"start":{"line":876,"column":0},"end":{"line":876,"column":55}},"878":{"start":{"line":879,"column":0},"end":{"line":879,"column":44}},"879":{"start":{"line":880,"column":0},"end":{"line":880,"column":32}},"880":{"start":{"line":881,"column":0},"end":{"line":881,"column":32}},"881":{"start":{"line":882,"column":0},"end":{"line":882,"column":42}},"882":{"start":{"line":883,"column":0},"end":{"line":883,"column":60}},"883":{"start":{"line":884,"column":0},"end":{"line":884,"column":5}},"885":{"start":{"line":886,"column":0},"end":{"line":886,"column":51}},"886":{"start":{"line":887,"column":0},"end":{"line":887,"column":32}},"887":{"start":{"line":888,"column":0},"end":{"line":888,"column":39}},"888":{"start":{"line":889,"column":0},"end":{"line":889,"column":56}},"889":{"start":{"line":890,"column":0},"end":{"line":890,"column":74}},"890":{"start":{"line":891,"column":0},"end":{"line":891,"column":5}},"892":{"start":{"line":893,"column":0},"end":{"line":893,"column":49}},"893":{"start":{"line":894,"column":0},"end":{"line":894,"column":57}},"894":{"start":{"line":895,"column":0},"end":{"line":895,"column":32}},"895":{"start":{"line":896,"column":0},"end":{"line":896,"column":36}},"896":{"start":{"line":897,"column":0},"end":{"line":897,"column":38}},"897":{"start":{"line":898,"column":0},"end":{"line":898,"column":56}},"898":{"start":{"line":899,"column":0},"end":{"line":899,"column":5}},"901":{"start":{"line":902,"column":0},"end":{"line":902,"column":51}},"903":{"start":{"line":904,"column":0},"end":{"line":904,"column":95}},"904":{"start":{"line":905,"column":0},"end":{"line":905,"column":16}},"905":{"start":{"line":906,"column":0},"end":{"line":906,"column":17}},"906":{"start":{"line":907,"column":0},"end":{"line":907,"column":82}},"907":{"start":{"line":908,"column":0},"end":{"line":908,"column":3}},"908":{"start":{"line":909,"column":0},"end":{"line":909,"column":1}},"910":{"start":{"line":911,"column":0},"end":{"line":911,"column":71}},"911":{"start":{"line":912,"column":0},"end":{"line":912,"column":7}},"912":{"start":{"line":913,"column":0},"end":{"line":913,"column":68}},"913":{"start":{"line":914,"column":0},"end":{"line":914,"column":76}},"914":{"start":{"line":915,"column":0},"end":{"line":915,"column":36}},"915":{"start":{"line":916,"column":0},"end":{"line":916,"column":153}},"916":{"start":{"line":917,"column":0},"end":{"line":917,"column":15}},"917":{"start":{"line":918,"column":0},"end":{"line":918,"column":6}},"918":{"start":{"line":919,"column":0},"end":{"line":919,"column":26}},"919":{"start":{"line":920,"column":0},"end":{"line":920,"column":17}},"920":{"start":{"line":921,"column":0},"end":{"line":921,"column":49}},"921":{"start":{"line":922,"column":0},"end":{"line":922,"column":3}},"922":{"start":{"line":923,"column":0},"end":{"line":923,"column":3}},"924":{"start":{"line":925,"column":0},"end":{"line":925,"column":72}},"925":{"start":{"line":926,"column":0},"end":{"line":926,"column":7}},"926":{"start":{"line":927,"column":0},"end":{"line":927,"column":48}},"927":{"start":{"line":928,"column":0},"end":{"line":928,"column":74}},"928":{"start":{"line":929,"column":0},"end":{"line":929,"column":109}},"929":{"start":{"line":930,"column":0},"end":{"line":930,"column":90}},"932":{"start":{"line":933,"column":0},"end":{"line":933,"column":29}},"933":{"start":{"line":934,"column":0},"end":{"line":934,"column":11}},"934":{"start":{"line":935,"column":0},"end":{"line":935,"column":106}},"935":{"start":{"line":936,"column":0},"end":{"line":936,"column":30}},"936":{"start":{"line":937,"column":0},"end":{"line":937,"column":53}},"937":{"start":{"line":938,"column":0},"end":{"line":938,"column":66}},"938":{"start":{"line":939,"column":0},"end":{"line":939,"column":38}},"939":{"start":{"line":940,"column":0},"end":{"line":940,"column":93}},"940":{"start":{"line":941,"column":0},"end":{"line":941,"column":22}},"941":{"start":{"line":942,"column":0},"end":{"line":942,"column":71}},"942":{"start":{"line":943,"column":0},"end":{"line":943,"column":70}},"943":{"start":{"line":944,"column":0},"end":{"line":944,"column":92}},"944":{"start":{"line":945,"column":0},"end":{"line":945,"column":55}},"946":{"start":{"line":947,"column":0},"end":{"line":947,"column":81}},"947":{"start":{"line":948,"column":0},"end":{"line":948,"column":65}},"948":{"start":{"line":949,"column":0},"end":{"line":949,"column":96}},"951":{"start":{"line":952,"column":0},"end":{"line":952,"column":86}},"952":{"start":{"line":953,"column":0},"end":{"line":953,"column":80}},"953":{"start":{"line":954,"column":0},"end":{"line":954,"column":13}},"954":{"start":{"line":955,"column":0},"end":{"line":955,"column":11}},"955":{"start":{"line":956,"column":0},"end":{"line":956,"column":9}},"956":{"start":{"line":957,"column":0},"end":{"line":957,"column":25}},"957":{"start":{"line":958,"column":0},"end":{"line":958,"column":99}},"958":{"start":{"line":959,"column":0},"end":{"line":959,"column":7}},"959":{"start":{"line":960,"column":0},"end":{"line":960,"column":5}},"961":{"start":{"line":962,"column":0},"end":{"line":962,"column":33}},"962":{"start":{"line":963,"column":0},"end":{"line":963,"column":17}},"963":{"start":{"line":964,"column":0},"end":{"line":964,"column":63}},"964":{"start":{"line":965,"column":0},"end":{"line":965,"column":3}},"965":{"start":{"line":966,"column":0},"end":{"line":966,"column":3}},"969":{"start":{"line":970,"column":0},"end":{"line":970,"column":73}},"970":{"start":{"line":971,"column":0},"end":{"line":971,"column":7}},"971":{"start":{"line":972,"column":0},"end":{"line":972,"column":70}},"972":{"start":{"line":973,"column":0},"end":{"line":973,"column":34}},"973":{"start":{"line":974,"column":0},"end":{"line":974,"column":31}},"974":{"start":{"line":975,"column":0},"end":{"line":975,"column":35}},"975":{"start":{"line":976,"column":0},"end":{"line":976,"column":36}},"976":{"start":{"line":977,"column":0},"end":{"line":977,"column":33}},"977":{"start":{"line":978,"column":0},"end":{"line":978,"column":22}},"978":{"start":{"line":979,"column":0},"end":{"line":979,"column":70}},"979":{"start":{"line":980,"column":0},"end":{"line":980,"column":22}},"980":{"start":{"line":981,"column":0},"end":{"line":981,"column":56}},"981":{"start":{"line":982,"column":0},"end":{"line":982,"column":22}},"982":{"start":{"line":983,"column":0},"end":{"line":983,"column":22}},"984":{"start":{"line":985,"column":0},"end":{"line":985,"column":90}},"985":{"start":{"line":986,"column":0},"end":{"line":986,"column":68}},"986":{"start":{"line":987,"column":0},"end":{"line":987,"column":17}},"987":{"start":{"line":988,"column":0},"end":{"line":988,"column":63}},"988":{"start":{"line":989,"column":0},"end":{"line":989,"column":3}},"989":{"start":{"line":990,"column":0},"end":{"line":990,"column":3}},"993":{"start":{"line":994,"column":0},"end":{"line":994,"column":74}},"994":{"start":{"line":995,"column":0},"end":{"line":995,"column":7}},"995":{"start":{"line":996,"column":0},"end":{"line":996,"column":40}},"996":{"start":{"line":997,"column":0},"end":{"line":997,"column":69}},"997":{"start":{"line":998,"column":0},"end":{"line":998,"column":6}},"998":{"start":{"line":999,"column":0},"end":{"line":999,"column":93}},"999":{"start":{"line":1000,"column":0},"end":{"line":1000,"column":45}},"1001":{"start":{"line":1002,"column":0},"end":{"line":1002,"column":68}},"1002":{"start":{"line":1003,"column":0},"end":{"line":1003,"column":76}},"1005":{"start":{"line":1006,"column":0},"end":{"line":1006,"column":42}},"1006":{"start":{"line":1007,"column":0},"end":{"line":1007,"column":58}},"1008":{"start":{"line":1009,"column":0},"end":{"line":1009,"column":15}},"1009":{"start":{"line":1010,"column":0},"end":{"line":1010,"column":12}},"1012":{"start":{"line":1013,"column":0},"end":{"line":1013,"column":27}},"1013":{"start":{"line":1014,"column":0},"end":{"line":1014,"column":22}},"1014":{"start":{"line":1015,"column":0},"end":{"line":1015,"column":55}},"1015":{"start":{"line":1016,"column":0},"end":{"line":1016,"column":31}},"1016":{"start":{"line":1017,"column":0},"end":{"line":1017,"column":62}},"1017":{"start":{"line":1018,"column":0},"end":{"line":1018,"column":26}},"1018":{"start":{"line":1019,"column":0},"end":{"line":1019,"column":86}},"1019":{"start":{"line":1020,"column":0},"end":{"line":1020,"column":24}},"1020":{"start":{"line":1021,"column":0},"end":{"line":1021,"column":33}},"1021":{"start":{"line":1022,"column":0},"end":{"line":1022,"column":24}},"1022":{"start":{"line":1023,"column":0},"end":{"line":1023,"column":51}},"1023":{"start":{"line":1024,"column":0},"end":{"line":1024,"column":99}},"1024":{"start":{"line":1025,"column":0},"end":{"line":1025,"column":29}},"1025":{"start":{"line":1026,"column":0},"end":{"line":1026,"column":9}},"1026":{"start":{"line":1027,"column":0},"end":{"line":1027,"column":14}},"1027":{"start":{"line":1028,"column":0},"end":{"line":1028,"column":7}},"1028":{"start":{"line":1029,"column":0},"end":{"line":1029,"column":5}},"1031":{"start":{"line":1032,"column":0},"end":{"line":1032,"column":37}},"1032":{"start":{"line":1033,"column":0},"end":{"line":1033,"column":66}},"1033":{"start":{"line":1034,"column":0},"end":{"line":1034,"column":30}},"1034":{"start":{"line":1035,"column":0},"end":{"line":1035,"column":23}},"1037":{"start":{"line":1038,"column":0},"end":{"line":1038,"column":61}},"1038":{"start":{"line":1039,"column":0},"end":{"line":1039,"column":90}},"1039":{"start":{"line":1040,"column":0},"end":{"line":1040,"column":95}},"1041":{"start":{"line":1042,"column":0},"end":{"line":1042,"column":58}},"1042":{"start":{"line":1043,"column":0},"end":{"line":1043,"column":53}},"1045":{"start":{"line":1046,"column":0},"end":{"line":1046,"column":89}},"1046":{"start":{"line":1047,"column":0},"end":{"line":1047,"column":23}},"1047":{"start":{"line":1048,"column":0},"end":{"line":1048,"column":37}},"1048":{"start":{"line":1049,"column":0},"end":{"line":1049,"column":73}},"1050":{"start":{"line":1051,"column":0},"end":{"line":1051,"column":42}},"1051":{"start":{"line":1052,"column":0},"end":{"line":1052,"column":83}},"1052":{"start":{"line":1053,"column":0},"end":{"line":1053,"column":72}},"1053":{"start":{"line":1054,"column":0},"end":{"line":1054,"column":10}},"1054":{"start":{"line":1055,"column":0},"end":{"line":1055,"column":53}},"1055":{"start":{"line":1056,"column":0},"end":{"line":1056,"column":7}},"1056":{"start":{"line":1057,"column":0},"end":{"line":1057,"column":117}},"1057":{"start":{"line":1058,"column":0},"end":{"line":1058,"column":92}},"1058":{"start":{"line":1059,"column":0},"end":{"line":1059,"column":125}},"1059":{"start":{"line":1060,"column":0},"end":{"line":1060,"column":5}},"1062":{"start":{"line":1063,"column":0},"end":{"line":1063,"column":22}},"1063":{"start":{"line":1064,"column":0},"end":{"line":1064,"column":41}},"1064":{"start":{"line":1065,"column":0},"end":{"line":1065,"column":46}},"1065":{"start":{"line":1066,"column":0},"end":{"line":1066,"column":6}},"1066":{"start":{"line":1067,"column":0},"end":{"line":1067,"column":74}},"1068":{"start":{"line":1069,"column":0},"end":{"line":1069,"column":76}},"1069":{"start":{"line":1070,"column":0},"end":{"line":1070,"column":37}},"1070":{"start":{"line":1071,"column":0},"end":{"line":1071,"column":208}},"1072":{"start":{"line":1073,"column":0},"end":{"line":1073,"column":60}},"1074":{"start":{"line":1075,"column":0},"end":{"line":1075,"column":115}},"1077":{"start":{"line":1078,"column":0},"end":{"line":1078,"column":70}},"1078":{"start":{"line":1079,"column":0},"end":{"line":1079,"column":22}},"1079":{"start":{"line":1080,"column":0},"end":{"line":1080,"column":73}},"1080":{"start":{"line":1081,"column":0},"end":{"line":1081,"column":22}},"1081":{"start":{"line":1082,"column":0},"end":{"line":1082,"column":22}},"1084":{"start":{"line":1085,"column":0},"end":{"line":1085,"column":70}},"1085":{"start":{"line":1086,"column":0},"end":{"line":1086,"column":34}},"1086":{"start":{"line":1087,"column":0},"end":{"line":1087,"column":31}},"1087":{"start":{"line":1088,"column":0},"end":{"line":1088,"column":36}},"1088":{"start":{"line":1089,"column":0},"end":{"line":1089,"column":33}},"1089":{"start":{"line":1090,"column":0},"end":{"line":1090,"column":22}},"1091":{"start":{"line":1092,"column":0},"end":{"line":1092,"column":90}},"1092":{"start":{"line":1093,"column":0},"end":{"line":1093,"column":81}},"1093":{"start":{"line":1094,"column":0},"end":{"line":1094,"column":17}},"1094":{"start":{"line":1095,"column":0},"end":{"line":1095,"column":49}},"1095":{"start":{"line":1096,"column":0},"end":{"line":1096,"column":3}},"1096":{"start":{"line":1097,"column":0},"end":{"line":1097,"column":3}},"1100":{"start":{"line":1101,"column":0},"end":{"line":1101,"column":70}},"1101":{"start":{"line":1102,"column":0},"end":{"line":1102,"column":7}},"1102":{"start":{"line":1103,"column":0},"end":{"line":1103,"column":49}},"1103":{"start":{"line":1104,"column":0},"end":{"line":1104,"column":93}},"1105":{"start":{"line":1106,"column":0},"end":{"line":1106,"column":40}},"1106":{"start":{"line":1107,"column":0},"end":{"line":1107,"column":57}},"1107":{"start":{"line":1108,"column":0},"end":{"line":1108,"column":21}},"1108":{"start":{"line":1109,"column":0},"end":{"line":1109,"column":6}},"1109":{"start":{"line":1110,"column":0},"end":{"line":1110,"column":98}},"1110":{"start":{"line":1111,"column":0},"end":{"line":1111,"column":45}},"1113":{"start":{"line":1114,"column":0},"end":{"line":1114,"column":83}},"1114":{"start":{"line":1115,"column":0},"end":{"line":1115,"column":41}},"1115":{"start":{"line":1116,"column":0},"end":{"line":1116,"column":294}},"1118":{"start":{"line":1119,"column":0},"end":{"line":1119,"column":9}},"1119":{"start":{"line":1120,"column":0},"end":{"line":1120,"column":244}},"1120":{"start":{"line":1121,"column":0},"end":{"line":1121,"column":94}},"1121":{"start":{"line":1122,"column":0},"end":{"line":1122,"column":54}},"1122":{"start":{"line":1123,"column":0},"end":{"line":1123,"column":19}},"1125":{"start":{"line":1126,"column":0},"end":{"line":1126,"column":75}},"1126":{"start":{"line":1127,"column":0},"end":{"line":1127,"column":75}},"1129":{"start":{"line":1130,"column":0},"end":{"line":1130,"column":134}},"1132":{"start":{"line":1133,"column":0},"end":{"line":1133,"column":198}},"1133":{"start":{"line":1134,"column":0},"end":{"line":1134,"column":124}},"1135":{"start":{"line":1136,"column":0},"end":{"line":1136,"column":90}},"1136":{"start":{"line":1137,"column":0},"end":{"line":1137,"column":78}},"1137":{"start":{"line":1138,"column":0},"end":{"line":1138,"column":17}},"1138":{"start":{"line":1139,"column":0},"end":{"line":1139,"column":49}},"1139":{"start":{"line":1140,"column":0},"end":{"line":1140,"column":3}},"1140":{"start":{"line":1141,"column":0},"end":{"line":1141,"column":3}},"1144":{"start":{"line":1145,"column":0},"end":{"line":1145,"column":68}},"1145":{"start":{"line":1146,"column":0},"end":{"line":1146,"column":7}},"1146":{"start":{"line":1147,"column":0},"end":{"line":1147,"column":44}},"1148":{"start":{"line":1149,"column":0},"end":{"line":1149,"column":40}},"1149":{"start":{"line":1150,"column":0},"end":{"line":1150,"column":75}},"1150":{"start":{"line":1151,"column":0},"end":{"line":1151,"column":17}},"1151":{"start":{"line":1152,"column":0},"end":{"line":1152,"column":6}},"1152":{"start":{"line":1153,"column":0},"end":{"line":1153,"column":98}},"1154":{"start":{"line":1155,"column":0},"end":{"line":1155,"column":67}},"1155":{"start":{"line":1156,"column":0},"end":{"line":1156,"column":107}},"1158":{"start":{"line":1159,"column":0},"end":{"line":1159,"column":36}},"1159":{"start":{"line":1160,"column":0},"end":{"line":1160,"column":49}},"1160":{"start":{"line":1161,"column":0},"end":{"line":1161,"column":26}},"1161":{"start":{"line":1162,"column":0},"end":{"line":1162,"column":13}},"1162":{"start":{"line":1163,"column":0},"end":{"line":1163,"column":40}},"1163":{"start":{"line":1164,"column":0},"end":{"line":1164,"column":65}},"1164":{"start":{"line":1165,"column":0},"end":{"line":1165,"column":21}},"1166":{"start":{"line":1167,"column":0},"end":{"line":1167,"column":9}},"1167":{"start":{"line":1168,"column":0},"end":{"line":1168,"column":7}},"1168":{"start":{"line":1169,"column":0},"end":{"line":1169,"column":35}},"1169":{"start":{"line":1170,"column":0},"end":{"line":1170,"column":5}},"1172":{"start":{"line":1173,"column":0},"end":{"line":1173,"column":51}},"1173":{"start":{"line":1174,"column":0},"end":{"line":1174,"column":21}},"1174":{"start":{"line":1175,"column":0},"end":{"line":1175,"column":21}},"1175":{"start":{"line":1176,"column":0},"end":{"line":1176,"column":21}},"1176":{"start":{"line":1177,"column":0},"end":{"line":1177,"column":7}},"1178":{"start":{"line":1179,"column":0},"end":{"line":1179,"column":69}},"1181":{"start":{"line":1182,"column":0},"end":{"line":1182,"column":21}},"1182":{"start":{"line":1183,"column":0},"end":{"line":1183,"column":62}},"1183":{"start":{"line":1184,"column":0},"end":{"line":1184,"column":27}},"1184":{"start":{"line":1185,"column":0},"end":{"line":1185,"column":6}},"1186":{"start":{"line":1187,"column":0},"end":{"line":1187,"column":50}},"1187":{"start":{"line":1188,"column":0},"end":{"line":1188,"column":61}},"1188":{"start":{"line":1189,"column":0},"end":{"line":1189,"column":17}},"1189":{"start":{"line":1190,"column":0},"end":{"line":1190,"column":49}},"1190":{"start":{"line":1191,"column":0},"end":{"line":1191,"column":3}},"1191":{"start":{"line":1192,"column":0},"end":{"line":1192,"column":3}},"1193":{"start":{"line":1194,"column":0},"end":{"line":1194,"column":67}},"1194":{"start":{"line":1195,"column":0},"end":{"line":1195,"column":7}},"1195":{"start":{"line":1196,"column":0},"end":{"line":1196,"column":44}},"1197":{"start":{"line":1198,"column":0},"end":{"line":1198,"column":42}},"1200":{"start":{"line":1201,"column":0},"end":{"line":1201,"column":17}},"1201":{"start":{"line":1202,"column":0},"end":{"line":1202,"column":38}},"1202":{"start":{"line":1203,"column":0},"end":{"line":1203,"column":60}},"1203":{"start":{"line":1204,"column":0},"end":{"line":1204,"column":19}},"1204":{"start":{"line":1205,"column":0},"end":{"line":1205,"column":8}},"1205":{"start":{"line":1206,"column":0},"end":{"line":1206,"column":68}},"1206":{"start":{"line":1207,"column":0},"end":{"line":1207,"column":55}},"1207":{"start":{"line":1208,"column":0},"end":{"line":1208,"column":7}},"1208":{"start":{"line":1209,"column":0},"end":{"line":1209,"column":5}},"1210":{"start":{"line":1211,"column":0},"end":{"line":1211,"column":29}},"1211":{"start":{"line":1212,"column":0},"end":{"line":1212,"column":11}},"1212":{"start":{"line":1213,"column":0},"end":{"line":1213,"column":35}},"1214":{"start":{"line":1215,"column":0},"end":{"line":1215,"column":64}},"1215":{"start":{"line":1216,"column":0},"end":{"line":1216,"column":13}},"1216":{"start":{"line":1217,"column":0},"end":{"line":1217,"column":37}},"1217":{"start":{"line":1218,"column":0},"end":{"line":1218,"column":21}},"1219":{"start":{"line":1220,"column":0},"end":{"line":1220,"column":9}},"1220":{"start":{"line":1221,"column":0},"end":{"line":1221,"column":19}},"1222":{"start":{"line":1223,"column":0},"end":{"line":1223,"column":7}},"1223":{"start":{"line":1224,"column":0},"end":{"line":1224,"column":5}},"1225":{"start":{"line":1226,"column":0},"end":{"line":1226,"column":33}},"1228":{"start":{"line":1229,"column":0},"end":{"line":1229,"column":21}},"1229":{"start":{"line":1230,"column":0},"end":{"line":1230,"column":64}},"1230":{"start":{"line":1231,"column":0},"end":{"line":1231,"column":17}},"1231":{"start":{"line":1232,"column":0},"end":{"line":1232,"column":6}},"1233":{"start":{"line":1234,"column":0},"end":{"line":1234,"column":50}},"1234":{"start":{"line":1235,"column":0},"end":{"line":1235,"column":33}},"1235":{"start":{"line":1236,"column":0},"end":{"line":1236,"column":17}},"1236":{"start":{"line":1237,"column":0},"end":{"line":1237,"column":49}},"1237":{"start":{"line":1238,"column":0},"end":{"line":1238,"column":3}},"1238":{"start":{"line":1239,"column":0},"end":{"line":1239,"column":3}},"1240":{"start":{"line":1241,"column":0},"end":{"line":1241,"column":68}},"1241":{"start":{"line":1242,"column":0},"end":{"line":1242,"column":7}},"1242":{"start":{"line":1243,"column":0},"end":{"line":1243,"column":46}},"1243":{"start":{"line":1244,"column":0},"end":{"line":1244,"column":27}},"1244":{"start":{"line":1245,"column":0},"end":{"line":1245,"column":67}},"1245":{"start":{"line":1246,"column":0},"end":{"line":1246,"column":5}},"1247":{"start":{"line":1248,"column":0},"end":{"line":1248,"column":42}},"1248":{"start":{"line":1249,"column":0},"end":{"line":1249,"column":22}},"1249":{"start":{"line":1250,"column":0},"end":{"line":1250,"column":26}},"1252":{"start":{"line":1253,"column":0},"end":{"line":1253,"column":36}},"1253":{"start":{"line":1254,"column":0},"end":{"line":1254,"column":80}},"1254":{"start":{"line":1255,"column":0},"end":{"line":1255,"column":17}},"1255":{"start":{"line":1256,"column":0},"end":{"line":1256,"column":6}},"1256":{"start":{"line":1257,"column":0},"end":{"line":1257,"column":94}},"1258":{"start":{"line":1259,"column":0},"end":{"line":1259,"column":68}},"1259":{"start":{"line":1260,"column":0},"end":{"line":1260,"column":21}},"1260":{"start":{"line":1261,"column":0},"end":{"line":1261,"column":29}},"1263":{"start":{"line":1264,"column":0},"end":{"line":1264,"column":24}},"1264":{"start":{"line":1265,"column":0},"end":{"line":1265,"column":19}},"1266":{"start":{"line":1267,"column":0},"end":{"line":1267,"column":21}},"1267":{"start":{"line":1268,"column":0},"end":{"line":1268,"column":11}},"1269":{"start":{"line":1270,"column":0},"end":{"line":1270,"column":27}},"1270":{"start":{"line":1271,"column":0},"end":{"line":1271,"column":23}},"1271":{"start":{"line":1272,"column":0},"end":{"line":1272,"column":24}},"1272":{"start":{"line":1273,"column":0},"end":{"line":1273,"column":19}},"1274":{"start":{"line":1275,"column":0},"end":{"line":1275,"column":37}},"1275":{"start":{"line":1276,"column":0},"end":{"line":1276,"column":25}},"1276":{"start":{"line":1277,"column":0},"end":{"line":1277,"column":68}},"1277":{"start":{"line":1278,"column":0},"end":{"line":1278,"column":21}},"1278":{"start":{"line":1279,"column":0},"end":{"line":1279,"column":10}},"1279":{"start":{"line":1280,"column":0},"end":{"line":1280,"column":7}},"1280":{"start":{"line":1281,"column":0},"end":{"line":1281,"column":32}},"1282":{"start":{"line":1283,"column":0},"end":{"line":1283,"column":11}},"1283":{"start":{"line":1284,"column":0},"end":{"line":1284,"column":32}},"1284":{"start":{"line":1285,"column":0},"end":{"line":1285,"column":23}},"1285":{"start":{"line":1286,"column":0},"end":{"line":1286,"column":29}},"1286":{"start":{"line":1287,"column":0},"end":{"line":1287,"column":19}},"1288":{"start":{"line":1289,"column":0},"end":{"line":1289,"column":25}},"1289":{"start":{"line":1290,"column":0},"end":{"line":1290,"column":68}},"1290":{"start":{"line":1291,"column":0},"end":{"line":1291,"column":21}},"1291":{"start":{"line":1292,"column":0},"end":{"line":1292,"column":10}},"1292":{"start":{"line":1293,"column":0},"end":{"line":1293,"column":7}},"1293":{"start":{"line":1294,"column":0},"end":{"line":1294,"column":5}},"1295":{"start":{"line":1296,"column":0},"end":{"line":1296,"column":14}},"1296":{"start":{"line":1297,"column":0},"end":{"line":1297,"column":14}},"1297":{"start":{"line":1298,"column":0},"end":{"line":1298,"column":10}},"1298":{"start":{"line":1299,"column":0},"end":{"line":1299,"column":18}},"1299":{"start":{"line":1300,"column":0},"end":{"line":1300,"column":29}},"1300":{"start":{"line":1301,"column":0},"end":{"line":1301,"column":7}},"1301":{"start":{"line":1302,"column":0},"end":{"line":1302,"column":17}},"1302":{"start":{"line":1303,"column":0},"end":{"line":1303,"column":49}},"1303":{"start":{"line":1304,"column":0},"end":{"line":1304,"column":3}},"1304":{"start":{"line":1305,"column":0},"end":{"line":1305,"column":3}},"1308":{"start":{"line":1309,"column":0},"end":{"line":1309,"column":31}},"1309":{"start":{"line":1310,"column":0},"end":{"line":1310,"column":54}},"1310":{"start":{"line":1311,"column":0},"end":{"line":1311,"column":41}},"1312":{"start":{"line":1313,"column":0},"end":{"li
[...]
31}}]},"225":{"type":"branch","line":2282,"loc":{"start":{"line":2282,"column":35},"end":{"line":2299,"column":3}},"locations":[{"start":{"line":2282,"column":35},"end":{"line":2299,"column":3}}]},"226":{"type":"branch","line":2285,"loc":{"start":{"line":2285,"column":26},"end":{"line":2285,"column":39}},"locations":[{"start":{"line":2285,"column":26},"end":{"line":2285,"column":39}}]},"227":{"type":"branch","line":2293,"loc":{"start":{"line":2293,"column":4},"end":{"line":2298,"column":3}},"locations":[{"start":{"line":2293,"column":4},"end":{"line":2298,"column":3}}]},"228":{"type":"branch","line":2302,"loc":{"start":{"line":2302,"column":34},"end":{"line":2312,"column":3}},"locations":[{"start":{"line":2302,"column":34},"end":{"line":2312,"column":3}}]},"229":{"type":"branch","line":2307,"loc":{"start":{"line":2307,"column":4},"end":{"line":2311,"column":3}},"locations":[{"start":{"line":2307,"column":4},"end":{"line":2311,"column":3}}]},"230":{"type":"branch","line":2315,"loc":{"start":{"line":2315,"column":41},"end":{"line":2326,"column":3}},"locations":[{"start":{"line":2315,"column":41},"end":{"line":2326,"column":3}}]},"231":{"type":"branch","line":2321,"loc":{"start":{"line":2321,"column":24},"end":{"line":2323,"column":11}},"locations":[{"start":{"line":2321,"column":24},"end":{"line":2323,"column":11}}]},"232":{"type":"branch","line":2323,"loc":{"start":{"line":2323,"column":2},"end":{"line":2325,"column":3}},"locations":[{"start":{"line":2323,"column":2},"end":{"line":2325,"column":3}}]},"233":{"type":"branch","line":2331,"loc":{"start":{"line":2331,"column":54},"end":{"line":2346,"column":3}},"locations":[{"start":{"line":2331,"column":54},"end":{"line":2346,"column":3}}]},"234":{"type":"branch","line":2334,"loc":{"start":{"line":2334,"column":61},"end":{"line":2336,"column":5}},"locations":[{"start":{"line":2334,"column":61},"end":{"line":2336,"column":5}}]},"235":{"type":"branch","line":2336,"loc":{"start":{"line":2336,"column":4},"end":{"line":2341,"column":31}},"locations":[{"start":{"line":2336,"column":4},"end":{"line":2341,"column":31}}]},"236":{"type":"branch","line":2341,"loc":{"start":{"line":2341,"column":24},"end":{"line":2343,"column":11}},"locations":[{"start":{"line":2341,"column":24},"end":{"line":2343,"column":11}}]},"237":{"type":"branch","line":2343,"loc":{"start":{"line":2343,"column":2},"end":{"line":2345,"column":3}},"locations":[{"start":{"line":2343,"column":2},"end":{"line":2345,"column":3}}]},"238":{"type":"branch","line":2349,"loc":{"start":{"line":2349,"column":53},"end":{"line":2364,"column":3}},"locations":[{"start":{"line":2349,"column":53},"end":{"line":2364,"column":3}}]},"239":{"type":"branch","line":2355,"loc":{"start":{"line":2355,"column":30},"end":{"line":2361,"column":11}},"locations":[{"start":{"line":2355,"column":30},"end":{"line":2361,"column":11}}]},"240":{"type":"branch","line":2361,"loc":{"start":{"line":2361,"column":2},"end":{"line":2363,"column":3}},"locations":[{"start":{"line":2361,"column":2},"end":{"line":2363,"column":3}}]},"241":{"type":"branch","line":2367,"loc":{"start":{"line":2367,"column":54},"end":{"line":2384,"column":3}},"locations":[{"start":{"line":2367,"column":54},"end":{"line":2384,"column":3}}]},"242":{"type":"branch","line":2370,"loc":{"start":{"line":2370,"column":19},"end":{"line":2375,"column":37}},"locations":[{"start":{"line":2370,"column":19},"end":{"line":2375,"column":37}}]},"243":{"type":"branch","line":2375,"loc":{"start":{"line":2375,"column":30},"end":{"line":2375,"column":102}},"locations":[{"start":{"line":2375,"column":30},"end":{"line":2375,"column":102}}]},"244":{"type":"branch","line":2375,"loc":{"start":{"line":2375,"column":100},"end":{"line":2381,"column":11}},"locations":[{"start":{"line":2375,"column":100},"end":{"line":2381,"column":11}}]},"245":{"type":"branch","line":2381,"loc":{"start":{"line":2381,"column":2},"end":{"line":2383,"column":3}},"locations":[{"start":{"line":2381,"column":2},"end":{"line":2383,"column":3}}]},"246":{"type":"branch","line":2387,"loc":{"start":{"line":2387,"column":61},"end":{"line":2402,"column":3}},"locations":[{"start":{"line":2387,"column":61},"end":{"line":2402,"column":3}}]},"247":{"type":"branch","line":2393,"loc":{"start":{"line":2393,"column":30},"end":{"line":2393,"column":102}},"locations":[{"start":{"line":2393,"column":30},"end":{"line":2393,"column":102}}]},"248":{"type":"branch","line":2399,"loc":{"start":{"line":2399,"column":2},"end":{"line":2401,"column":3}},"locations":[{"start":{"line":2399,"column":2},"end":{"line":2401,"column":3}}]}},"b":{"0":[0],"1":[0],"2":[16],"3":[15],"4":[1],"5":[1],"6":[15],"7":[0],"8":[4],"9":[0],"10":[3],"11":[2],"12":[2],"13":[1],"14":[2],"15":[1],"16":[1],"17":[0],"18":[0],"19":[0],"20":[1],"21":[0],"22":[0],"23":[1],"24":[0],"25":[1],"26":[0],"27":[0],"28":[1],"29":[0],"30":[0],"31":[0],"32":[4],"33":[3],"34":[3],"35":[1],"36":[1],"37":[1],"38":[1],"39":[2],"40":[1],"41":[0],"42":[5],"43":[3],"44":[2],"45":[4],"46":[3],"47":[1],"48":[2],"49":[1],"50":[1],"51":[4],"52":[0],"53":[2],"54":[0],"55":[1],"56":[0],"57":[1],"58":[0],"59":[0],"60":[2],"61":[1],"62":[0],"63":[1],"64":[0],"65":[1],"66":[1],"67":[0],"68":[0],"69":[0],"70":[0],"71":[1],"72":[0],"73":[0],"74":[3],"75":[2],"76":[1],"77":[2],"78":[1],"79":[0],"80":[1],"81":[3],"82":[0],"83":[1],"84":[0],"85":[0],"86":[1],"87":[0],"88":[0],"89":[2],"90":[1],"91":[0],"92":[0],"93":[1],"94":[0],"95":[3],"96":[2],"97":[0],"98":[2],"99":[0],"100":[2],"101":[1],"102":[1],"103":[0],"104":[2],"105":[1],"106":[0],"107":[1],"108":[0],"109":[1],"110":[1],"111":[1],"112":[3],"113":[2],"114":[2],"115":[2],"116":[1],"117":[1],"118":[1],"119":[1],"120":[3],"121":[0],"122":[2],"123":[0],"124":[2],"125":[1],"126":[1],"127":[1],"128":[0],"129":[2],"130":[1],"131":[1],"132":[2],"133":[1],"134":[1],"135":[0],"136":[0],"137":[0],"138":[0],"139":[1],"140":[0],"141":[0],"142":[0],"143":[1],"144":[0],"145":[0],"146":[0],"147":[0],"148":[0],"149":[0],"150":[7],"151":[1],"152":[6],"153":[5],"154":[1],"155":[6],"156":[5],"157":[7],"158":[4],"159":[3],"160":[2],"161":[6],"162":[0],"163":[0],"164":[0],"165":[0],"166":[1],"167":[0],"168":[0],"169":[0],"170":[1],"171":[0],"172":[0],"173":[0],"174":[0],"175":[0],"176":[0],"177":[0],"178":[0],"179":[1],"180":[0],"181":[0],"182":[0],"183":[0],"184":[0],"185":[0],"186":[0],"187":[0],"188":[0],"189":[0],"190":[0],"191":[0],"192":[1],"193":[0],"194":[0],"195":[0],"196":[0],"197":[0],"198":[0],"199":[0],"200":[0],"201":[0],"202":[0],"203":[0],"204":[0],"205":[0],"206":[0],"207":[1],"208":[0],"209":[0],"210":[0],"211":[0],"212":[0],"213":[0],"214":[1],"215":[0],"216":[1],"217":[0],"218":[0],"219":[0],"220":[0],"221":[0],"222":[0],"223":[8],"224":[0],"225":[2],"226":[1],"227":[1],"228":[2],"229":[1],"230":[2],"231":[1],"232":[0],"233":[3],"234":[1],"235":[2],"236":[1],"237":[0],"238":[2],"239":[1],"240":[0],"241":[2],"242":[1],"243":[0],"244":[1],"245":[0],"246":[1],"247":[0],"248":[0]},"fnMap":{"0":{"name":"collectorWrite","decl":{"start":{"line":26,"column":0},"end":{"line":41,"column":1}},"loc":{"start":{"line":26,"column":0},"end":{"line":41,"column":1}},"line":26},"1":{"name":"queueFileSync","decl":{"start":{"line":43,"column":0},"end":{"line":53,"column":1}},"loc":{"start":{"line":43,"column":0},"end":{"line":53,"column":1}},"line":43},"2":{"name":"getTrackId","decl":{"start":{"line":816,"column":0},"end":{"line":822,"column":1}},"loc":{"start":{"line":816,"column":0},"end":{"line":822,"column":1}},"line":816},"3":{"name":"syncTrackToFile","decl":{"start":{"line":826,"column":0},"end":{"line":909,"column":1}},"loc":{"start":{"line":826,"column":0},"end":{"line":909,"column":1}},"line":826},"4":{"name":"runMigration","decl":{"start":{"line":1309,"column":0},"end":{"line":1326,"column":1}},"loc":{"start":{"line":1309,"column":0},"end":{"line":1326,"column":1}},"line":1309},"5":{"name":"uuidV5","decl":{"start":{"line":1330,"column":0},"end":{"line":1338,"column":1}},"loc":{"start":{"line":1330,"column":0},"end":{"line":1338,"column":1}},"line":1330},"6":{"name":"gitGlobalId","decl":{"start":{"line":1339,"column":0},"end":{"line":1343,"column":1}},"loc":{"start":{"line":1339,"column":0},"end":{"line":1343,"column":1}},"line":1339},"7":{"name":"hashApiKey","decl":{"start":{"line":1360,"column":0},"end":{"line":1362,"column":1}},"loc":{"start":{"line":1360,"column":0},"end":{"line":1362,"column":1}},"line":1360},"8":{"name":"collectorAuth","decl":{"start":{"line":1364,"column":0},"end":{"line":1417,"column":1}},"loc":{"start":{"line":1364,"column":0},"end":{"line":1417,"column":1}},"line":1364},"9":{"name":"claimQueuedTracks","decl":{"start":{"line":1760,"column":0},"end":{"line":1797,"column":1}},"loc":{"start":{"line":1760,"column":0},"end":{"line":1797,"column":1}},"line":1760},"10":{"name":"app.post.hostname.hostname","decl":{"start":{"line":2200,"column":29},"end":{"line":2205,"column":3}},"loc":{"start":{"line":2200,"column":29},"end":{"line":2205,"column":3}},"line":2200},"11":{"name":"resolveUid","decl":{"start":{"line":2277,"column":0},"end":{"line":2279,"column":1}},"loc":{"start":{"line":2277,"column":0},"end":{"line":2279,"column":1}},"line":2277},"12":{"name":"app.post.git_remote.git_remote","decl":{"start":{"line":2405,"column":28},"end":{"line":2410,"column":3}},"loc":{"start":{"line":2405,"column":28},"end":{"line":2410,"column":3}},"line":2405},"13":{"name":"ensureGitGlobalId","decl":{"start":{"line":2464,"column":0},"end":{"line":2477,"column":1}},"loc":{"start":{"line":2464,"column":0},"end":{"line":2477,"column":1}},"line":2464}},"f":{"0":16,"1":4,"2":3,"3":1,"4":7,"5":5,"6":7,"7":2,"8":6,"9":0,"10":1,"11":8,"12":0,"13":0}}
,"/home/meller/Code/laneconductor/ui/server/utils.mjs": {"path":"/home/meller/Code/laneconductor/ui/server/utils.mjs","all":false,"statementMap":{"0":{"start":{"line":1,"column":0},"end":{"line":1,"column":45}},"2":{"start":{"line":3,"column":0},"end":{"line":3,"column":32}},"3":{"start":{"line":4,"column":0},"end":{"line":4,"column":81}},"4":{"start":{"line":5,"column":0},"end":{"line":5,"column":1}},"6":{"start":{"line":7,"column":0},"end":{"line":7,"column":83}},"7":{"start":{"line":8,"column":0},"end":{"line":8,"column":25}},"8":{"start":{"line":9,"column":0},"end":{"line":9,"column":269}},"9":{"start":{"line":10,"column":0},"end":{"line":10,"column":353}},"10":{"start":{"line":11,"column":0},"end":{"line":11,"column":274}},"11":{"start":{"line":12,"column":0},"end":{"line":12,"column":37}},"12":{"start":{"line":13,"column":0},"end":{"line":13,"column":5}},"13":{"start":{"line":14,"column":0},"end":{"line":14,"column":24}},"14":{"start":{"line":15,"column":0},"end":{"line":15,"column":221}},"15":{"start":{"line":16,"column":0},"end":{"line":16,"column":247}},"16":{"start":{"line":17,"column":0},"end":{"line":17,"column":176}},"17":{"start":{"line":18,"column":0},"end":{"line":18,"column":33}},"18":{"start":{"line":19,"column":0},"end":{"line":19,"column":1}}},"s":{"0":1,"2":1,"3":4,"4":4,"6":1,"7":3,"8":1,"9":1,"10":1,"11":1,"12":1,"13":2,"14":3,"15":3,"16":3,"17":3,"18":3},"branchMap":{"0":{"type":"branch","line":3,"loc":{"start":{"line":3,"column":7},"end":{"line":5,"column":1}},"locations":[{"start":{"line":3,"column":7},"end":{"line":5,"column":1}}]},"1":{"type":"branch","line":7,"loc":{"start":{"line":7,"column":7},"end":{"line":19,"column":1}},"locations":[{"start":{"line":7,"column":7},"end":{"line":19,"column":1}}]},"2":{"type":"branch","line":8,"loc":{"start":{"line":8,"column":24},"end":{"line":13,"column":5}},"locations":[{"start":{"line":8,"column":24},"end":{"line":13,"column":5}}]},"3":{"type":"branch","line":9,"loc":{"start":{"line":9,"column":126},"end":{"line":9,"column":145}},"locations":[{"start":{"line":9,"column":126},"end":{"line":9,"column":145}}]},"4":{"type":"branch","line":10,"loc":{"start":{"line":10,"column":120},"end":{"line":10,"column":139}},"locations":[{"start":{"line":10,"column":120},"end":{"line":10,"column":139}}]},"5":{"type":"branch","line":11,"loc":{"start":{"line":11,"column":78},"end":{"line":11,"column":97}},"locations":[{"start":{"line":11,"column":78},"end":{"line":11,"column":97}}]},"6":{"type":"branch","line":13,"loc":{"start":{"line":13,"column":4},"end":{"line":15,"column":122}},"locations":[{"start":{"line":13,"column":4},"end":{"line":15,"column":122}}]},"7":{"type":"branch","line":15,"loc":{"start":{"line":15,"column":122},"end":{"line":15,"column":141}},"locations":[{"start":{"line":15,"column":122},"end":{"line":15,"column":141}}]},"8":{"type":"branch","line":16,"loc":{"start":{"line":16,"column":111},"end":{"line":16,"column":130}},"locations":[{"start":{"line":16,"column":111},"end":{"line":16,"column":130}}]},"9":{"type":"branch","line":17,"loc":{"start":{"line":17,"column":74},"end":{"line":17,"column":93}},"locations":[{"start":{"line":17,"column":74},"end":{"line":17,"column":93}}]}},"b":{"0":[4],"1":[3],"2":[1],"3":[0],"4":[0],"5":[0],"6":[2],"7":[0],"8":[0],"9":[0]},"fnMap":{"0":{"name":"slugify","decl":{"start":{"line":3,"column":7},"end":{"line":5,"column":1}},"loc":{"start":{"line":3,"column":7},"end":{"line":5,"column":1}},"line":3},"1":{"name":"trackTemplates","decl":{"start":{"line":7,"column":7},"end":{"line":19,"column":1}},"loc":{"start":{"line":7,"column":7},"end":{"line":19,"column":1}},"line":7}},"f":{"0":4,"1":3}}
,"/home/meller/Code/laneconductor/ui/server/wsBroadcast.mjs": {"path":"/home/meller/Code/laneconductor/ui/server/wsBroadcast.mjs","all":false,"statementMap":{"0":{"start":{"line":1,"column":0},"end":{"line":1,"column":28}},"1":{"start":{"line":2,"column":0},"end":{"line":2,"column":37}},"3":{"start":{"line":4,"column":0},"end":{"line":4,"column":8}},"4":{"start":{"line":5,"column":0},"end":{"line":5,"column":26}},"6":{"start":{"line":7,"column":0},"end":{"line":7,"column":39}},"7":{"start":{"line":8,"column":0},"end":{"line":8,"column":40}},"9":{"start":{"line":10,"column":0},"end":{"line":10,"column":32}},"10":{"start":{"line":11,"column":0},"end":{"line":11,"column":20}},"11":{"start":{"line":12,"column":0},"end":{"line":12,"column":73}},"13":{"start":{"line":14,"column":0},"end":{"line":14,"column":26}},"14":{"start":{"line":15,"column":0},"end":{"line":15,"column":25}},"15":{"start":{"line":16,"column":0},"end":{"line":16,"column":78}},"16":{"start":{"line":17,"column":0},"end":{"line":17,"column":7}},"18":{"start":{"line":19,"column":0},"end":{"line":19,"column":29}},"19":{"start":{"line":20,"column":0},"end":{"line":20,"column":40}},"20":{"start":{"line":21,"column":0},"end":{"line":21,"column":25}},"21":{"start":{"line":22,"column":0},"end":{"line":22,"column":7}},"22":{"start":{"line":23,"column":0},"end":{"line":23,"column":5}},"24":{"start":{"line":25,"column":0},"end":{"line":25,"column":51}},"25":{"start":{"line":26,"column":0},"end":{"line":26,"column":1}},"27":{"start":{"line":28,"column":0},"end":{"line":28,"column":40}},"28":{"start":{"line":29,"column":0},"end":{"line":29,"column":19}},"29":{"start":{"line":30,"column":0},"end":{"line":30,"column":50}},"30":{"start":{"line":31,"column":0},"end":{"line":31,"column":33}},"31":{"start":{"line":32,"column":0},"end":{"line":32,"column":52}},"32":{"start":{"line":33,"column":0},"end":{"line":33,"column":27}},"33":{"start":{"line":34,"column":0},"end":{"line":34,"column":5}},"34":{"start":{"line":35,"column":0},"end":{"line":35,"column":3}},"35":{"start":{"line":36,"column":0},"end":{"line":36,"column":1}}},"s":{"0":1,"1":1,"3":1,"4":1,"6":1,"7":8,"9":8,"10":3,"11":3,"13":3,"14":1,"15":1,"16":3,"18":3,"19":1,"20":1,"21":3,"22":8,"24":8,"25":8,"27":1,"28":20,"29":19,"30":20,"31":5,"32":3,"33":3,"34":5,"35":19},"branchMap":{"0":{"type":"branch","line":7,"loc":{"start":{"line":7,"column":7},"end":{"line":26,"column":1}},"locations":[{"start":{"line":7,"column":7},"end":{"line":26,"column":1}}]},"1":{"type":"branch","line":10,"loc":{"start":{"line":10,"column":23},"end":{"line":23,"column":3}},"locations":[{"start":{"line":10,"column":23},"end":{"line":23,"column":3}}]},"2":{"type":"branch","line":14,"loc":{"start":{"line":14,"column":19},"end":{"line":17,"column":5}},"locations":[{"start":{"line":14,"column":19},"end":{"line":17,"column":5}}]},"3":{"type":"branch","line":19,"loc":{"start":{"line":19,"column":19},"end":{"line":22,"column":5}},"locations":[{"start":{"line":19,"column":19},"end":{"line":22,"column":5}}]},"4":{"type":"branch","line":28,"loc":{"start":{"line":28,"column":7},"end":{"line":36,"column":1}},"locations":[{"start":{"line":28,"column":7},"end":{"line":36,"column":1}}]},"5":{"type":"branch","line":29,"loc":{"start":{"line":29,"column":12},"end":{"line":29,"column":19}},"locations":[{"start":{"line":29,"column":12},"end":{"line":29,"column":19}}]},"6":{"type":"branch","line":29,"loc":{"start":{"line":29,"column":18},"end":{"line":31,"column":32}},"locations":[{"start":{"line":29,"column":18},"end":{"line":31,"column":32}}]},"7":{"type":"branch","line":31,"loc":{"start":{"line":31,"column":32},"end":{"line":35,"column":3}},"locations":[{"start":{"line":31,"column":32},"end":{"line":35,"column":3}}]},"8":{"type":"branch","line":32,"loc":{"start":{"line":32,"column":33},"end":{"line":34,"column":5}},"locations":[{"start":{"line":32,"column":33},"end":{"line":34,"column":5}}]},"9":{"type":"branch","line":35,"loc":{"start":{"line":35,"column":2},"end":{"line":36,"column":1}},"locations":[{"start":{"line":35,"column":2},"end":{"line":36,"column":1}}]}},"b":{"0":[8],"1":[3],"2":[1],"3":[1],"4":[20],"5":[1],"6":[19],"7":[5],"8":[3],"9":[19]},"fnMap":{"0":{"name":"initWebSocket","decl":{"start":{"line":7,"column":7},"end":{"line":26,"column":1}},"loc":{"start":{"line":7,"column":7},"end":{"line":26,"column":1}},"line":7},"1":{"name":"broadcast","decl":{"start":{"line":28,"column":7},"end":{"line":36,"column":1}},"loc":{"start":{"line":28,"column":7},"end":{"line":36,"column":1}},"line":28}},"f":{"0":8,"1":20}}
,"/home/meller/Code/laneconductor/ui/server/__mocks__/auth.mjs": {"path":"/home/meller/Code/laneconductor/ui/server/__mocks__/auth.mjs","all":false,"statementMap":{"0":{"start":{"line":1,"column":0},"end":{"line":1,"column":28}},"1":{"start":{"line":2,"column":0},"end":{"line":2,"column":82}},"2":{"start":{"line":3,"column":0},"end":{"line":3,"column":87}},"3":{"start":{"line":4,"column":0},"end":{"line":4,"column":33}},"5":{"start":{"line":6,"column":0},"end":{"line":6,"column":34}},"6":{"start":{"line":7,"column":0},"end":{"line":7,"column":46}},"7":{"start":{"line":8,"column":0},"end":{"line":8,"column":35}},"8":{"start":{"line":9,"column":0},"end":{"line":9,"column":97}},"10":{"start":{"line":11,"column":0},"end":{"line":11,"column":58}},"11":{"start":{"line":12,"column":0},"end":{"line":12,"column":34}},"12":{"start":{"line":13,"column":0},"end":{"line":13,"column":68}}},"s":{"0":1,"1":1,"2":1,"3":1,"5":1,"6":1,"7":1,"8":1,"10":1,"11":1,"12":1},"branchMap":{"0":{"type":"branch","line":7,"loc":{"start":{"line":7,"column":30},"end":{"line":7,"column":45}},"locations":[{"start":{"line":7,"column":30},"end":{"line":7,"column":45}}]},"1":{"type":"branch","line":9,"loc":{"start":{"line":9,"column":27},"end":{"line":9,"column":96}},"locations":[{"start":{"line":9,"column":27},"end":{"line":9,"column":96}}]}},"b":{"0":[5],"1":[66]},"fnMap":{"0":{"name":"loadAuthConfig","decl":{"start":{"line":7,"column":30},"end":{"line":7,"column":45}},"loc":{"start":{"line":7,"column":30},"end":{"line":7,"column":45}},"line":7},"1":{"name":"requireAuth","decl":{"start":{"line":9,"column":27},"end":{"line":9,"column":96}},"loc":{"start":{"line":9,"column":27},"end":{"line":9,"column":96}},"line":9},"2":{"name":"initAuth","decl":{"start":{"line":12,"column":24},"end":{"line":12,"column":33}},"loc":{"start":{"line":12,"column":24},"end":{"line":12,"column":33}},"line":12},"3":{"name":"sessionMiddleware","decl":{"start":{"line":13,"column":33},"end":{"line":13,"column":67}},"loc":{"start":{"line":13,"column":33},"end":{"line":13,"column":67}},"line":13}},"f":{"0":5,"1":66,"2":0,"3":0}}
}
